[2021-06-16 16:58:04] local.WARNING: Symfony\Component\HttpKernel\Exception\NotFoundHttpException in [GET] https://projeto.test/assets/img/logo/logo_square_xs.png:999999
Method: GET
File: /home/vagrant/Projetos/ProjetoEstagio/projeto/vendor/laravel/framework/src/Illuminate/Routing/RouteCollection.php
Line: 161
User-Agent: Mozilla/5.0 (Windows NT 10.0; Win64; x64) AppleWebKit/537.36 (KHTML, like Gecko) Chrome/91.0.4472.101 Safari/537.36
IP: 192.168.10.1
  
[2021-06-16 16:58:04] local.WARNING: Symfony\Component\HttpKernel\Exception\NotFoundHttpException in [GET] https://projeto.test/assets/img/logo/logo_white_xs.png:999999
Method: GET
File: /home/vagrant/Projetos/ProjetoEstagio/projeto/vendor/laravel/framework/src/Illuminate/Routing/RouteCollection.php
Line: 161
User-Agent: Mozilla/5.0 (Windows NT 10.0; Win64; x64) AppleWebKit/537.36 (KHTML, like Gecko) Chrome/91.0.4472.101 Safari/537.36
IP: 192.168.10.1
  
[2021-06-16 16:58:07] local.WARNING: Symfony\Component\HttpKernel\Exception\NotFoundHttpException in [GET] https://projeto.test/assets/img/logo/logo_square_xs.png:999999
Method: GET
File: /home/vagrant/Projetos/ProjetoEstagio/projeto/vendor/laravel/framework/src/Illuminate/Routing/RouteCollection.php
Line: 161
User-Agent: Mozilla/5.0 (Windows NT 10.0; Win64; x64) AppleWebKit/537.36 (KHTML, like Gecko) Chrome/91.0.4472.101 Safari/537.36
IP: 192.168.10.1
  
[2021-06-16 16:58:07] local.WARNING: Symfony\Component\HttpKernel\Exception\NotFoundHttpException in [GET] https://projeto.test/assets/img/logo/logo_white_xs.png:999999
Method: GET
File: /home/vagrant/Projetos/ProjetoEstagio/projeto/vendor/laravel/framework/src/Illuminate/Routing/RouteCollection.php
Line: 161
User-Agent: Mozilla/5.0 (Windows NT 10.0; Win64; x64) AppleWebKit/537.36 (KHTML, like Gecko) Chrome/91.0.4472.101 Safari/537.36
IP: 192.168.10.1
  
[2021-06-16 16:58:09] local.WARNING: Symfony\Component\HttpKernel\Exception\NotFoundHttpException in [GET] https://projeto.test/assets/img/logo/logo_white_xs.png:999999
Method: GET
File: /home/vagrant/Projetos/ProjetoEstagio/projeto/vendor/laravel/framework/src/Illuminate/Routing/RouteCollection.php
Line: 161
User-Agent: Mozilla/5.0 (Windows NT 10.0; Win64; x64) AppleWebKit/537.36 (KHTML, like Gecko) Chrome/91.0.4472.101 Safari/537.36
IP: 192.168.10.1
  
[2021-06-16 16:58:09] local.WARNING: Symfony\Component\HttpKernel\Exception\NotFoundHttpException in [GET] https://projeto.test/assets/img/logo/logo_square_xs.png:999999
Method: GET
File: /home/vagrant/Projetos/ProjetoEstagio/projeto/vendor/laravel/framework/src/Illuminate/Routing/RouteCollection.php
Line: 161
User-Agent: Mozilla/5.0 (Windows NT 10.0; Win64; x64) AppleWebKit/537.36 (KHTML, like Gecko) Chrome/91.0.4472.101 Safari/537.36
IP: 192.168.10.1
  
[2021-06-16 16:58:10] local.WARNING: Symfony\Component\HttpKernel\Exception\NotFoundHttpException in [GET] https://projeto.test/assets/img/logo/logo_square_xs.png:999999
Method: GET
File: /home/vagrant/Projetos/ProjetoEstagio/projeto/vendor/laravel/framework/src/Illuminate/Routing/RouteCollection.php
Line: 161
User-Agent: Mozilla/5.0 (Windows NT 10.0; Win64; x64) AppleWebKit/537.36 (KHTML, like Gecko) Chrome/91.0.4472.101 Safari/537.36
IP: 192.168.10.1
  
[2021-06-16 16:58:10] local.WARNING: Symfony\Component\HttpKernel\Exception\NotFoundHttpException in [GET] https://projeto.test/assets/img/logo/logo_white_xs.png:999999
Method: GET
File: /home/vagrant/Projetos/ProjetoEstagio/projeto/vendor/laravel/framework/src/Illuminate/Routing/RouteCollection.php
Line: 161
User-Agent: Mozilla/5.0 (Windows NT 10.0; Win64; x64) AppleWebKit/537.36 (KHTML, like Gecko) Chrome/91.0.4472.101 Safari/537.36
IP: 192.168.10.1
  
[2021-06-16 16:58:12] local.WARNING: Symfony\Component\HttpKernel\Exception\NotFoundHttpException in [GET] https://projeto.test/assets/img/logo/logo_white_xs.png:999999
Method: GET
File: /home/vagrant/Projetos/ProjetoEstagio/projeto/vendor/laravel/framework/src/Illuminate/Routing/RouteCollection.php
Line: 161
User-Agent: Mozilla/5.0 (Windows NT 10.0; Win64; x64) AppleWebKit/537.36 (KHTML, like Gecko) Chrome/91.0.4472.101 Safari/537.36
IP: 192.168.10.1
  
[2021-06-16 16:58:12] local.WARNING: Symfony\Component\HttpKernel\Exception\NotFoundHttpException in [GET] https://projeto.test/assets/img/logo/logo_square_xs.png:999999
Method: GET
File: /home/vagrant/Projetos/ProjetoEstagio/projeto/vendor/laravel/framework/src/Illuminate/Routing/RouteCollection.php
Line: 161
User-Agent: Mozilla/5.0 (Windows NT 10.0; Win64; x64) AppleWebKit/537.36 (KHTML, like Gecko) Chrome/91.0.4472.101 Safari/537.36
IP: 192.168.10.1
  
[2021-06-16 16:58:16] local.WARNING: Symfony\Component\HttpKernel\Exception\NotFoundHttpException in [GET] https://projeto.test/assets/img/logo/logo_white_xs.png:999999
Method: GET
File: /home/vagrant/Projetos/ProjetoEstagio/projeto/vendor/laravel/framework/src/Illuminate/Routing/RouteCollection.php
Line: 161
User-Agent: Mozilla/5.0 (Windows NT 10.0; Win64; x64) AppleWebKit/537.36 (KHTML, like Gecko) Chrome/91.0.4472.101 Safari/537.36
IP: 192.168.10.1
  
[2021-06-16 16:58:16] local.WARNING: Symfony\Component\HttpKernel\Exception\NotFoundHttpException in [GET] https://projeto.test/assets/img/logo/logo_square_xs.png:999999
Method: GET
File: /home/vagrant/Projetos/ProjetoEstagio/projeto/vendor/laravel/framework/src/Illuminate/Routing/RouteCollection.php
Line: 161
User-Agent: Mozilla/5.0 (Windows NT 10.0; Win64; x64) AppleWebKit/537.36 (KHTML, like Gecko) Chrome/91.0.4472.101 Safari/537.36
IP: 192.168.10.1
  
[2021-06-16 16:58:17] local.WARNING: Symfony\Component\HttpKernel\Exception\NotFoundHttpException in [GET] https://projeto.test/assets/img/logo/logo_square_xs.png:999999
Method: GET
File: /home/vagrant/Projetos/ProjetoEstagio/projeto/vendor/laravel/framework/src/Illuminate/Routing/RouteCollection.php
Line: 161
User-Agent: Mozilla/5.0 (Windows NT 10.0; Win64; x64) AppleWebKit/537.36 (KHTML, like Gecko) Chrome/91.0.4472.101 Safari/537.36
IP: 192.168.10.1
  
[2021-06-16 16:58:17] local.WARNING: Symfony\Component\HttpKernel\Exception\NotFoundHttpException in [GET] https://projeto.test/assets/img/logo/logo_white_xs.png:999999
Method: GET
File: /home/vagrant/Projetos/ProjetoEstagio/projeto/vendor/laravel/framework/src/Illuminate/Routing/RouteCollection.php
Line: 161
User-Agent: Mozilla/5.0 (Windows NT 10.0; Win64; x64) AppleWebKit/537.36 (KHTML, like Gecko) Chrome/91.0.4472.101 Safari/537.36
IP: 192.168.10.1
  
[2021-06-16 16:58:19] local.WARNING: Symfony\Component\HttpKernel\Exception\NotFoundHttpException in [GET] https://projeto.test/assets/img/logo/logo_white_xs.png:999999
Method: GET
File: /home/vagrant/Projetos/ProjetoEstagio/projeto/vendor/laravel/framework/src/Illuminate/Routing/RouteCollection.php
Line: 161
User-Agent: Mozilla/5.0 (Windows NT 10.0; Win64; x64) AppleWebKit/537.36 (KHTML, like Gecko) Chrome/91.0.4472.101 Safari/537.36
IP: 192.168.10.1
  
[2021-06-16 16:58:19] local.WARNING: Symfony\Component\HttpKernel\Exception\NotFoundHttpException in [GET] https://projeto.test/assets/img/logo/logo_square_xs.png:999999
Method: GET
File: /home/vagrant/Projetos/ProjetoEstagio/projeto/vendor/laravel/framework/src/Illuminate/Routing/RouteCollection.php
Line: 161
User-Agent: Mozilla/5.0 (Windows NT 10.0; Win64; x64) AppleWebKit/537.36 (KHTML, like Gecko) Chrome/91.0.4472.101 Safari/537.36
IP: 192.168.10.1
  
[2021-06-16 16:58:23] local.WARNING: Symfony\Component\HttpKernel\Exception\NotFoundHttpException in [GET] https://projeto.test/assets/img/logo/logo_square_xs.png:999999
Method: GET
File: /home/vagrant/Projetos/ProjetoEstagio/projeto/vendor/laravel/framework/src/Illuminate/Routing/RouteCollection.php
Line: 161
User-Agent: Mozilla/5.0 (Windows NT 10.0; Win64; x64) AppleWebKit/537.36 (KHTML, like Gecko) Chrome/91.0.4472.101 Safari/537.36
IP: 192.168.10.1
  
[2021-06-16 16:58:23] local.WARNING: Symfony\Component\HttpKernel\Exception\NotFoundHttpException in [GET] https://projeto.test/assets/img/logo/logo_white_xs.png:999999
Method: GET
File: /home/vagrant/Projetos/ProjetoEstagio/projeto/vendor/laravel/framework/src/Illuminate/Routing/RouteCollection.php
Line: 161
User-Agent: Mozilla/5.0 (Windows NT 10.0; Win64; x64) AppleWebKit/537.36 (KHTML, like Gecko) Chrome/91.0.4472.101 Safari/537.36
IP: 192.168.10.1
  
[2021-06-16 16:58:27] local.WARNING: Symfony\Component\HttpKernel\Exception\NotFoundHttpException in [GET] https://projeto.test/assets/img/logo/logo_white_xs.png:999999
Method: GET
File: /home/vagrant/Projetos/ProjetoEstagio/projeto/vendor/laravel/framework/src/Illuminate/Routing/RouteCollection.php
Line: 161
User-Agent: Mozilla/5.0 (Windows NT 10.0; Win64; x64) AppleWebKit/537.36 (KHTML, like Gecko) Chrome/91.0.4472.101 Safari/537.36
IP: 192.168.10.1
  
[2021-06-16 16:58:27] local.WARNING: Symfony\Component\HttpKernel\Exception\NotFoundHttpException in [GET] https://projeto.test/assets/img/logo/logo_square_xs.png:999999
Method: GET
File: /home/vagrant/Projetos/ProjetoEstagio/projeto/vendor/laravel/framework/src/Illuminate/Routing/RouteCollection.php
Line: 161
User-Agent: Mozilla/5.0 (Windows NT 10.0; Win64; x64) AppleWebKit/537.36 (KHTML, like Gecko) Chrome/91.0.4472.101 Safari/537.36
IP: 192.168.10.1
  
[2021-06-16 16:58:42] local.WARNING: Symfony\Component\HttpKernel\Exception\NotFoundHttpException in [GET] http://projeto.test/assets/img/logo/logo_square_xs.png:999999
Method: GET
File: /home/vagrant/Projetos/ProjetoEstagio/projeto/vendor/laravel/framework/src/Illuminate/Routing/RouteCollection.php
Line: 161
User-Agent: Mozilla/5.0 (Windows NT 10.0; Win64; x64) AppleWebKit/537.36 (KHTML, like Gecko) Chrome/91.0.4472.101 Safari/537.36
IP: 192.168.10.1
  
[2021-06-16 16:58:42] local.WARNING: Symfony\Component\HttpKernel\Exception\NotFoundHttpException in [GET] http://projeto.test/assets/img/logo/logo_white_xs.png:999999
Method: GET
File: /home/vagrant/Projetos/ProjetoEstagio/projeto/vendor/laravel/framework/src/Illuminate/Routing/RouteCollection.php
Line: 161
User-Agent: Mozilla/5.0 (Windows NT 10.0; Win64; x64) AppleWebKit/537.36 (KHTML, like Gecko) Chrome/91.0.4472.101 Safari/537.36
IP: 192.168.10.1
  
[2021-06-16 16:58:44] local.WARNING: Symfony\Component\HttpKernel\Exception\NotFoundHttpException in [GET] https://projeto.test/assets/img/logo/logo_square_xs.png:999999
Method: GET
File: /home/vagrant/Projetos/ProjetoEstagio/projeto/vendor/laravel/framework/src/Illuminate/Routing/RouteCollection.php
Line: 161
User-Agent: Mozilla/5.0 (Windows NT 10.0; Win64; x64) AppleWebKit/537.36 (KHTML, like Gecko) Chrome/91.0.4472.101 Safari/537.36
IP: 192.168.10.1
  
[2021-06-16 16:58:44] local.WARNING: Symfony\Component\HttpKernel\Exception\NotFoundHttpException in [GET] https://projeto.test/assets/img/logo/logo_white_xs.png:999999
Method: GET
File: /home/vagrant/Projetos/ProjetoEstagio/projeto/vendor/laravel/framework/src/Illuminate/Routing/RouteCollection.php
Line: 161
User-Agent: Mozilla/5.0 (Windows NT 10.0; Win64; x64) AppleWebKit/537.36 (KHTML, like Gecko) Chrome/91.0.4472.101 Safari/537.36
IP: 192.168.10.1
  
