[2021-09-02 03:23:03] local.WARNING: Symfony\Component\Debug\Exception\FatalThrowableError: Parse error: syntax error, unexpected ')', expecting identifier (T_STRING) or variable (T_VARIABLE) or '{' or '$' in [GET] http://projeto.test/admin:999999
Method: GET
File: /home/vagrant/Projetos/ProjetoEstagio/projeto/app/Http/Controllers/Admin/HomeController.php
Line: 48
User-Agent: Mozilla/5.0 (Windows NT 10.0; Win64; x64) AppleWebKit/537.36 (KHTML, like Gecko) Chrome/92.0.4515.159 Safari/537.36
IP: 192.168.10.1
  
[2021-09-02 03:23:03] local.ERROR: Symfony\Component\Debug\Exception\FatalThrowableError: Parse error: syntax error, unexpected ')', expecting identifier (T_STRING) or variable (T_VARIABLE) or '{' or '$' in /home/vagrant/Projetos/ProjetoEstagio/projeto/app/Http/Controllers/Admin/HomeController.php:48
Stack trace:
#0 /home/vagrant/Projetos/ProjetoEstagio/projeto/vendor/composer/ClassLoader.php(346): Composer\Autoload\includeFile('/home/vagrant/P...')
#1 [internal function]: Composer\Autoload\ClassLoader->loadClass('App\\Http\\Contro...')
#2 [internal function]: spl_autoload_call('App\\Http\\Contro...')
#3 /home/vagrant/Projetos/ProjetoEstagio/projeto/vendor/laravel/framework/src/Illuminate/Container/Container.php(749): ReflectionClass->__construct('App\\Http\\Contro...')
#4 /home/vagrant/Projetos/ProjetoEstagio/projeto/vendor/laravel/framework/src/Illuminate/Container/Container.php(644): Illuminate\Container\Container->build('App\\Http\\Contro...', Array)
#5 /home/vagrant/Projetos/ProjetoEstagio/projeto/vendor/laravel/framework/src/Illuminate/Foundation/Application.php(709): Illuminate\Container\Container->make('App\\Http\\Contro...', Array)
#6 /home/vagrant/Projetos/ProjetoEstagio/projeto/vendor/laravel/framework/src/Illuminate/Routing/Route.php(203): Illuminate\Foundation\Application->make('App\\Http\\Contro...')
#7 /home/vagrant/Projetos/ProjetoEstagio/projeto/vendor/laravel/framework/src/Illuminate/Routing/Route.php(316): Illuminate\Routing\Route->getController()
#8 /home/vagrant/Projetos/ProjetoEstagio/projeto/vendor/laravel/framework/src/Illuminate/Routing/Route.php(278): Illuminate\Routing\Route->controllerMiddleware()
#9 /home/vagrant/Projetos/ProjetoEstagio/projeto/vendor/laravel/framework/src/Illuminate/Routing/Router.php(666): Illuminate\Routing\Route->gatherMiddleware()
#10 /home/vagrant/Projetos/ProjetoEstagio/projeto/vendor/laravel/framework/src/Illuminate/Routing/Router.php(646): Illuminate\Routing\Router->gatherRouteMiddleware(Object(Illuminate\Routing\Route))
#11 /home/vagrant/Projetos/ProjetoEstagio/projeto/vendor/laravel/framework/src/Illuminate/Routing/Router.php(629): Illuminate\Routing\Router->runRouteWithinStack(Object(Illuminate\Routing\Route), Object(Illuminate\Http\Request))
#12 /home/vagrant/Projetos/ProjetoEstagio/projeto/vendor/laravel/framework/src/Illuminate/Routing/Router.php(607): Illuminate\Routing\Router->dispatchToRoute(Object(Illuminate\Http\Request))
#13 /home/vagrant/Projetos/ProjetoEstagio/projeto/vendor/laravel/framework/src/Illuminate/Foundation/Http/Kernel.php(268): Illuminate\Routing\Router->dispatch(Object(Illuminate\Http\Request))
#14 /home/vagrant/Projetos/ProjetoEstagio/projeto/vendor/laravel/framework/src/Illuminate/Routing/Pipeline.php(53): Illuminate\Foundation\Http\Kernel->Illuminate\Foundation\Http\{closure}(Object(Illuminate\Http\Request))
#15 /home/vagrant/Projetos/ProjetoEstagio/projeto/vendor/barryvdh/laravel-debugbar/src/Middleware/Debugbar.php(51): Illuminate\Routing\Pipeline->Illuminate\Routing\{closure}(Object(Illuminate\Http\Request))
#16 /home/vagrant/Projetos/ProjetoEstagio/projeto/vendor/laravel/framework/src/Illuminate/Pipeline/Pipeline.php(137): Barryvdh\Debugbar\Middleware\Debugbar->handle(Object(Illuminate\Http\Request), Object(Closure))
#17 /home/vagrant/Projetos/ProjetoEstagio/projeto/vendor/laravel/framework/src/Illuminate/Routing/Pipeline.php(33): Illuminate\Pipeline\Pipeline->Illuminate\Pipeline\{closure}(Object(Illuminate\Http\Request))
#18 /home/vagrant/Projetos/ProjetoEstagio/projeto/app/Http/Middleware/CheckForMaintenanceMode.php(48): Illuminate\Routing\Pipeline->Illuminate\Routing\{closure}(Object(Illuminate\Http\Request))
#19 /home/vagrant/Projetos/ProjetoEstagio/projeto/vendor/laravel/framework/src/Illuminate/Pipeline/Pipeline.php(137): App\Http\Middleware\CheckForMaintenanceMode->handle(Object(Illuminate\Http\Request), Object(Closure))
#20 /home/vagrant/Projetos/ProjetoEstagio/projeto/vendor/laravel/framework/src/Illuminate/Routing/Pipeline.php(33): Illuminate\Pipeline\Pipeline->Illuminate\Pipeline\{closure}(Object(Illuminate\Http\Request))
#21 /home/vagrant/Projetos/ProjetoEstagio/projeto/vendor/laravel/framework/src/Illuminate/Pipeline/Pipeline.php(104): Illuminate\Routing\Pipeline->Illuminate\Routing\{closure}(Object(Illuminate\Http\Request))
#22 /home/vagrant/Projetos/ProjetoEstagio/projeto/vendor/laravel/framework/src/Illuminate/Foundation/Http/Kernel.php(150): Illuminate\Pipeline\Pipeline->then(Object(Closure))
#23 /home/vagrant/Projetos/ProjetoEstagio/projeto/vendor/laravel/framework/src/Illuminate/Foundation/Http/Kernel.php(117): Illuminate\Foundation\Http\Kernel->sendRequestThroughRouter(Object(Illuminate\Http\Request))
#24 /home/vagrant/Projetos/ProjetoEstagio/projeto/public/index.php(53): Illuminate\Foundation\Http\Kernel->handle(Object(Illuminate\Http\Request))
#25 {main}  
[2021-09-02 03:23:03] local.WARNING: Symfony\Component\Debug\Exception\FatalThrowableError: Parse error: syntax error, unexpected ')', expecting identifier (T_STRING) or variable (T_VARIABLE) or '{' or '$' in [GET] http://projeto.test/admin:999999
Method: GET
File: /home/vagrant/Projetos/ProjetoEstagio/projeto/app/Http/Controllers/Admin/HomeController.php
Line: 48
User-Agent: Mozilla/5.0 (Windows NT 10.0; Win64; x64) AppleWebKit/537.36 (KHTML, like Gecko) Chrome/92.0.4515.159 Safari/537.36
IP: 192.168.10.1
  
[2021-09-02 03:23:03] local.ERROR: Symfony\Component\Debug\Exception\FatalThrowableError: Parse error: syntax error, unexpected ')', expecting identifier (T_STRING) or variable (T_VARIABLE) or '{' or '$' in /home/vagrant/Projetos/ProjetoEstagio/projeto/app/Http/Controllers/Admin/HomeController.php:48
Stack trace:
#0 /home/vagrant/Projetos/ProjetoEstagio/projeto/vendor/composer/ClassLoader.php(346): Composer\Autoload\includeFile('/home/vagrant/P...')
#1 [internal function]: Composer\Autoload\ClassLoader->loadClass('App\\Http\\Contro...')
#2 [internal function]: spl_autoload_call('App\\Http\\Contro...')
#3 /home/vagrant/Projetos/ProjetoEstagio/projeto/vendor/barryvdh/laravel-debugbar/src/DataCollector/IlluminateRouteCollector.php(63): class_exists('App\\Http\\Contro...')
#4 /home/vagrant/Projetos/ProjetoEstagio/projeto/vendor/barryvdh/laravel-debugbar/src/DataCollector/IlluminateRouteCollector.php(37): Barryvdh\Debugbar\DataCollector\IlluminateRouteCollector->getRouteInformation(Object(Illuminate\Routing\Route))
#5 /home/vagrant/Projetos/ProjetoEstagio/projeto/vendor/barryvdh/laravel-debugbar/src/LaravelDebugbar.php(769): Barryvdh\Debugbar\DataCollector\IlluminateRouteCollector->collect()
#6 /home/vagrant/Projetos/ProjetoEstagio/projeto/vendor/maximebf/debugbar/src/DebugBar/DebugBar.php(246): Barryvdh\Debugbar\LaravelDebugbar->collect()
#7 /home/vagrant/Projetos/ProjetoEstagio/projeto/vendor/maximebf/debugbar/src/DebugBar/JavascriptRenderer.php(872): DebugBar\DebugBar->getData()
#8 /home/vagrant/Projetos/ProjetoEstagio/projeto/vendor/barryvdh/laravel-debugbar/src/LaravelDebugbar.php(805): DebugBar\JavascriptRenderer->render()
#9 /home/vagrant/Projetos/ProjetoEstagio/projeto/vendor/barryvdh/laravel-debugbar/src/LaravelDebugbar.php(697): Barryvdh\Debugbar\LaravelDebugbar->injectDebugbar(Object(Illuminate\Http\Response))
#10 /home/vagrant/Projetos/ProjetoEstagio/projeto/vendor/barryvdh/laravel-debugbar/src/Middleware/Debugbar.php(60): Barryvdh\Debugbar\LaravelDebugbar->modifyResponse(Object(Illuminate\Http\Request), Object(Illuminate\Http\Response))
#11 /home/vagrant/Projetos/ProjetoEstagio/projeto/vendor/laravel/framework/src/Illuminate/Pipeline/Pipeline.php(137): Barryvdh\Debugbar\Middleware\Debugbar->handle(Object(Illuminate\Http\Request), Object(Closure))
#12 /home/vagrant/Projetos/ProjetoEstagio/projeto/vendor/laravel/framework/src/Illuminate/Routing/Pipeline.php(33): Illuminate\Pipeline\Pipeline->Illuminate\Pipeline\{closure}(Object(Illuminate\Http\Request))
#13 /home/vagrant/Projetos/ProjetoEstagio/projeto/app/Http/Middleware/CheckForMaintenanceMode.php(48): Illuminate\Routing\Pipeline->Illuminate\Routing\{closure}(Object(Illuminate\Http\Request))
#14 /home/vagrant/Projetos/ProjetoEstagio/projeto/vendor/laravel/framework/src/Illuminate/Pipeline/Pipeline.php(137): App\Http\Middleware\CheckForMaintenanceMode->handle(Object(Illuminate\Http\Request), Object(Closure))
#15 /home/vagrant/Projetos/ProjetoEstagio/projeto/vendor/laravel/framework/src/Illuminate/Routing/Pipeline.php(33): Illuminate\Pipeline\Pipeline->Illuminate\Pipeline\{closure}(Object(Illuminate\Http\Request))
#16 /home/vagrant/Projetos/ProjetoEstagio/projeto/vendor/laravel/framework/src/Illuminate/Pipeline/Pipeline.php(104): Illuminate\Routing\Pipeline->Illuminate\Routing\{closure}(Object(Illuminate\Http\Request))
#17 /home/vagrant/Projetos/ProjetoEstagio/projeto/vendor/laravel/framework/src/Illuminate/Foundation/Http/Kernel.php(150): Illuminate\Pipeline\Pipeline->then(Object(Closure))
#18 /home/vagrant/Projetos/ProjetoEstagio/projeto/vendor/laravel/framework/src/Illuminate/Foundation/Http/Kernel.php(117): Illuminate\Foundation\Http\Kernel->sendRequestThroughRouter(Object(Illuminate\Http\Request))
#19 /home/vagrant/Projetos/ProjetoEstagio/projeto/public/index.php(53): Illuminate\Foundation\Http\Kernel->handle(Object(Illuminate\Http\Request))
#20 {main}  
[2021-09-02 03:23:03] local.WARNING: Symfony\Component\Debug\Exception\FatalThrowableError: Parse error: syntax error, unexpected ')', expecting identifier (T_STRING) or variable (T_VARIABLE) or '{' or '$' in [GET] http://projeto.test/admin:999999
Method: GET
File: /home/vagrant/Projetos/ProjetoEstagio/projeto/app/Http/Controllers/Admin/HomeController.php
Line: 48
User-Agent: Mozilla/5.0 (Windows NT 10.0; Win64; x64) AppleWebKit/537.36 (KHTML, like Gecko) Chrome/92.0.4515.159 Safari/537.36
IP: 192.168.10.1
  
[2021-09-02 03:23:03] local.ERROR: Symfony\Component\Debug\Exception\FatalThrowableError: Parse error: syntax error, unexpected ')', expecting identifier (T_STRING) or variable (T_VARIABLE) or '{' or '$' in /home/vagrant/Projetos/ProjetoEstagio/projeto/app/Http/Controllers/Admin/HomeController.php:48
Stack trace:
#0 /home/vagrant/Projetos/ProjetoEstagio/projeto/vendor/composer/ClassLoader.php(346): Composer\Autoload\includeFile('/home/vagrant/P...')
#1 [internal function]: Composer\Autoload\ClassLoader->loadClass('App\\Http\\Contro...')
#2 [internal function]: spl_autoload_call('App\\Http\\Contro...')
#3 /home/vagrant/Projetos/ProjetoEstagio/projeto/vendor/laravel/framework/src/Illuminate/Container/Container.php(749): ReflectionClass->__construct('App\\Http\\Contro...')
#4 /home/vagrant/Projetos/ProjetoEstagio/projeto/vendor/laravel/framework/src/Illuminate/Container/Container.php(644): Illuminate\Container\Container->build('App\\Http\\Contro...', Array)
#5 /home/vagrant/Projetos/ProjetoEstagio/projeto/vendor/laravel/framework/src/Illuminate/Foundation/Application.php(709): Illuminate\Container\Container->make('App\\Http\\Contro...', Array)
#6 /home/vagrant/Projetos/ProjetoEstagio/projeto/vendor/laravel/framework/src/Illuminate/Routing/Route.php(203): Illuminate\Foundation\Application->make('App\\Http\\Contro...')
#7 /home/vagrant/Projetos/ProjetoEstagio/projeto/vendor/laravel/framework/src/Illuminate/Routing/Route.php(316): Illuminate\Routing\Route->getController()
#8 /home/vagrant/Projetos/ProjetoEstagio/projeto/vendor/laravel/framework/src/Illuminate/Routing/Route.php(278): Illuminate\Routing\Route->controllerMiddleware()
#9 /home/vagrant/Projetos/ProjetoEstagio/projeto/vendor/laravel/framework/src/Illuminate/Routing/Router.php(666): Illuminate\Routing\Route->gatherMiddleware()
#10 /home/vagrant/Projetos/ProjetoEstagio/projeto/vendor/laravel/framework/src/Illuminate/Foundation/Http/Kernel.php(193): Illuminate\Routing\Router->gatherRouteMiddleware(Object(Illuminate\Routing\Route))
#11 /home/vagrant/Projetos/ProjetoEstagio/projeto/vendor/laravel/framework/src/Illuminate/Foundation/Http/Kernel.php(163): Illuminate\Foundation\Http\Kernel->gatherRouteMiddleware(Object(Illuminate\Http\Request))
#12 /home/vagrant/Projetos/ProjetoEstagio/projeto/public/index.php(58): Illuminate\Foundation\Http\Kernel->terminate(Object(Illuminate\Http\Request), Object(Illuminate\Http\Response))
#13 {main}  
[2021-09-02 03:23:06] local.WARNING: Symfony\Component\Debug\Exception\FatalThrowableError: Call to a member function isAdmin() on array in [GET] http://projeto.test/admin:999999
Method: GET
User ID: 1
Customer ID: 10
File: /home/vagrant/Projetos/ProjetoEstagio/projeto/app/Http/Controllers/Admin/HomeController.php
Line: 48
User-Agent: Mozilla/5.0 (Windows NT 10.0; Win64; x64) AppleWebKit/537.36 (KHTML, like Gecko) Chrome/92.0.4515.159 Safari/537.36
IP: 192.168.10.1
  
[2021-09-02 03:23:06] local.ERROR: Symfony\Component\Debug\Exception\FatalThrowableError: Call to a member function isAdmin() on array in /home/vagrant/Projetos/ProjetoEstagio/projeto/app/Http/Controllers/Admin/HomeController.php:48
Stack trace:
#0 [internal function]: App\Http\Controllers\Admin\HomeController->index(Object(Illuminate\Http\Request))
#1 /home/vagrant/Projetos/ProjetoEstagio/projeto/app/Http/Controllers/Admin/Controller.php(52): call_user_func_array(Array, Array)
#2 /home/vagrant/Projetos/ProjetoEstagio/projeto/vendor/laravel/framework/src/Illuminate/Routing/ControllerDispatcher.php(44): App\Http\Controllers\Admin\Controller->callAction('index', Array)
#3 /home/vagrant/Projetos/ProjetoEstagio/projeto/vendor/laravel/framework/src/Illuminate/Routing/Route.php(189): Illuminate\Routing\ControllerDispatcher->dispatch(Object(Illuminate\Routing\Route), Object(App\Http\Controllers\Admin\HomeController), 'index')
#4 /home/vagrant/Projetos/ProjetoEstagio/projeto/vendor/laravel/framework/src/Illuminate/Routing/Route.php(144): Illuminate\Routing\Route->runController()
#5 /home/vagrant/Projetos/ProjetoEstagio/projeto/vendor/laravel/framework/src/Illuminate/Routing/Router.php(653): Illuminate\Routing\Route->run(Object(Illuminate\Http\Request))
#6 /home/vagrant/Projetos/ProjetoEstagio/projeto/vendor/laravel/framework/src/Illuminate/Routing/Pipeline.php(53): Illuminate\Routing\Router->Illuminate\Routing\{closure}(Object(Illuminate\Http\Request))
#7 /home/vagrant/Projetos/ProjetoEstagio/projeto/app/Http/Middleware/AdminAuthenticate.php(32): Illuminate\Routing\Pipeline->Illuminate\Routing\{closure}(Object(Illuminate\Http\Request))
#8 /home/vagrant/Projetos/ProjetoEstagio/projeto/vendor/laravel/framework/src/Illuminate/Pipeline/Pipeline.php(137): App\Http\Middleware\AdminAuthenticate->handle(Object(Illuminate\Http\Request), Object(Closure))
#9 /home/vagrant/Projetos/ProjetoEstagio/projeto/vendor/laravel/framework/src/Illuminate/Routing/Pipeline.php(33): Illuminate\Pipeline\Pipeline->Illuminate\Pipeline\{closure}(Object(Illuminate\Http\Request))
#10 /home/vagrant/Projetos/ProjetoEstagio/projeto/vendor/laravel/framework/src/Illuminate/Routing/Middleware/SubstituteBindings.php(41): Illuminate\Routing\Pipeline->Illuminate\Routing\{closure}(Object(Illuminate\Http\Request))
#11 /home/vagrant/Projetos/ProjetoEstagio/projeto/vendor/laravel/framework/src/Illuminate/Pipeline/Pipeline.php(137): Illuminate\Routing\Middleware\SubstituteBindings->handle(Object(Illuminate\Http\Request), Object(Closure))
#12 /home/vagrant/Projetos/ProjetoEstagio/projeto/vendor/laravel/framework/src/Illuminate/Routing/Pipeline.php(33): Illuminate\Pipeline\Pipeline->Illuminate\Pipeline\{closure}(Object(Illuminate\Http\Request))
#13 /home/vagrant/Projetos/ProjetoEstagio/projeto/vendor/laravel/framework/src/Illuminate/Foundation/Http/Middleware/VerifyCsrfToken.php(65): Illuminate\Routing\Pipeline->Illuminate\Routing\{closure}(Object(Illuminate\Http\Request))
#14 /home/vagrant/Projetos/ProjetoEstagio/projeto/vendor/laravel/framework/src/Illuminate/Pipeline/Pipeline.php(137): Illuminate\Foundation\Http\Middleware\VerifyCsrfToken->handle(Object(Illuminate\Http\Request), Object(Closure))
#15 /home/vagrant/Projetos/ProjetoEstagio/projeto/vendor/laravel/framework/src/Illuminate/Routing/Pipeline.php(33): Illuminate\Pipeline\Pipeline->Illuminate\Pipeline\{closure}(Object(Illuminate\Http\Request))
#16 /home/vagrant/Projetos/ProjetoEstagio/projeto/vendor/laravel/framework/src/Illuminate/View/Middleware/ShareErrorsFromSession.php(49): Illuminate\Routing\Pipeline->Illuminate\Routing\{closure}(Object(Illuminate\Http\Request))
#17 /home/vagrant/Projetos/ProjetoEstagio/projeto/vendor/laravel/framework/src/Illuminate/Pipeline/Pipeline.php(137): Illuminate\View\Middleware\ShareErrorsFromSession->handle(Object(Illuminate\Http\Request), Object(Closure))
#18 /home/vagrant/Projetos/ProjetoEstagio/projeto/vendor/laravel/framework/src/Illuminate/Routing/Pipeline.php(33): Illuminate\Pipeline\Pipeline->Illuminate\Pipeline\{closure}(Object(Illuminate\Http\Request))
#19 /home/vagrant/Projetos/ProjetoEstagio/projeto/vendor/laravel/framework/src/Illuminate/Session/Middleware/StartSession.php(64): Illuminate\Routing\Pipeline->Illuminate\Routing\{closure}(Object(Illuminate\Http\Request))
#20 /home/vagrant/Projetos/ProjetoEstagio/projeto/vendor/laravel/framework/src/Illuminate/Pipeline/Pipeline.php(137): Illuminate\Session\Middleware\StartSession->handle(Object(Illuminate\Http\Request), Object(Closure))
#21 /home/vagrant/Projetos/ProjetoEstagio/projeto/vendor/laravel/framework/src/Illuminate/Routing/Pipeline.php(33): Illuminate\Pipeline\Pipeline->Illuminate\Pipeline\{closure}(Object(Illuminate\Http\Request))
#22 /home/vagrant/Projetos/ProjetoEstagio/projeto/vendor/laravel/framework/src/Illuminate/Cookie/Middleware/AddQueuedCookiesToResponse.php(37): Illuminate\Routing\Pipeline->Illuminate\Routing\{closure}(Object(Illuminate\Http\Request))
#23 /home/vagrant/Projetos/ProjetoEstagio/projeto/vendor/laravel/framework/src/Illuminate/Pipeline/Pipeline.php(137): Illuminate\Cookie\Middleware\AddQueuedCookiesToResponse->handle(Object(Illuminate\Http\Request), Object(Closure))
#24 /home/vagrant/Projetos/ProjetoEstagio/projeto/vendor/laravel/framework/src/Illuminate/Routing/Pipeline.php(33): Illuminate\Pipeline\Pipeline->Illuminate\Pipeline\{closure}(Object(Illuminate\Http\Request))
#25 /home/vagrant/Projetos/ProjetoEstagio/projeto/vendor/laravel/framework/src/Illuminate/Cookie/Middleware/EncryptCookies.php(59): Illuminate\Routing\Pipeline->Illuminate\Routing\{closure}(Object(Illuminate\Http\Request))
#26 /home/vagrant/Projetos/ProjetoEstagio/projeto/vendor/laravel/framework/src/Illuminate/Pipeline/Pipeline.php(137): Illuminate\Cookie\Middleware\EncryptCookies->handle(Object(Illuminate\Http\Request), Object(Closure))
#27 /home/vagrant/Projetos/ProjetoEstagio/projeto/vendor/laravel/framework/src/Illuminate/Routing/Pipeline.php(33): Illuminate\Pipeline\Pipeline->Illuminate\Pipeline\{closure}(Object(Illuminate\Http\Request))
#28 /home/vagrant/Projetos/ProjetoEstagio/projeto/vendor/laravel/framework/src/Illuminate/Pipeline/Pipeline.php(104): Illuminate\Routing\Pipeline->Illuminate\Routing\{closure}(Object(Illuminate\Http\Request))
#29 /home/vagrant/Projetos/ProjetoEstagio/projeto/vendor/laravel/framework/src/Illuminate/Routing/Router.php(655): Illuminate\Pipeline\Pipeline->then(Object(Closure))
#30 /home/vagrant/Projetos/ProjetoEstagio/projeto/vendor/laravel/framework/src/Illuminate/Routing/Router.php(629): Illuminate\Routing\Router->runRouteWithinStack(Object(Illuminate\Routing\Route), Object(Illuminate\Http\Request))
#31 /home/vagrant/Projetos/ProjetoEstagio/projeto/vendor/laravel/framework/src/Illuminate/Routing/Router.php(607): Illuminate\Routing\Router->dispatchToRoute(Object(Illuminate\Http\Request))
#32 /home/vagrant/Projetos/ProjetoEstagio/projeto/vendor/laravel/framework/src/Illuminate/Foundation/Http/Kernel.php(268): Illuminate\Routing\Router->dispatch(Object(Illuminate\Http\Request))
#33 /home/vagrant/Projetos/ProjetoEstagio/projeto/vendor/laravel/framework/src/Illuminate/Routing/Pipeline.php(53): Illuminate\Foundation\Http\Kernel->Illuminate\Foundation\Http\{closure}(Object(Illuminate\Http\Request))
#34 /home/vagrant/Projetos/ProjetoEstagio/projeto/vendor/barryvdh/laravel-debugbar/src/Middleware/Debugbar.php(51): Illuminate\Routing\Pipeline->Illuminate\Routing\{closure}(Object(Illuminate\Http\Request))
#35 /home/vagrant/Projetos/ProjetoEstagio/projeto/vendor/laravel/framework/src/Illuminate/Pipeline/Pipeline.php(137): Barryvdh\Debugbar\Middleware\Debugbar->handle(Object(Illuminate\Http\Request), Object(Closure))
#36 /home/vagrant/Projetos/ProjetoEstagio/projeto/vendor/laravel/framework/src/Illuminate/Routing/Pipeline.php(33): Illuminate\Pipeline\Pipeline->Illuminate\Pipeline\{closure}(Object(Illuminate\Http\Request))
#37 /home/vagrant/Projetos/ProjetoEstagio/projeto/app/Http/Middleware/CheckForMaintenanceMode.php(48): Illuminate\Routing\Pipeline->Illuminate\Routing\{closure}(Object(Illuminate\Http\Request))
#38 /home/vagrant/Projetos/ProjetoEstagio/projeto/vendor/laravel/framework/src/Illuminate/Pipeline/Pipeline.php(137): App\Http\Middleware\CheckForMaintenanceMode->handle(Object(Illuminate\Http\Request), Object(Closure))
#39 /home/vagrant/Projetos/ProjetoEstagio/projeto/vendor/laravel/framework/src/Illuminate/Routing/Pipeline.php(33): Illuminate\Pipeline\Pipeline->Illuminate\Pipeline\{closure}(Object(Illuminate\Http\Request))
#40 /home/vagrant/Projetos/ProjetoEstagio/projeto/vendor/laravel/framework/src/Illuminate/Pipeline/Pipeline.php(104): Illuminate\Routing\Pipeline->Illuminate\Routing\{closure}(Object(Illuminate\Http\Request))
#41 /home/vagrant/Projetos/ProjetoEstagio/projeto/vendor/laravel/framework/src/Illuminate/Foundation/Http/Kernel.php(150): Illuminate\Pipeline\Pipeline->then(Object(Closure))
#42 /home/vagrant/Projetos/ProjetoEstagio/projeto/vendor/laravel/framework/src/Illuminate/Foundation/Http/Kernel.php(117): Illuminate\Foundation\Http\Kernel->sendRequestThroughRouter(Object(Illuminate\Http\Request))
#43 /home/vagrant/Projetos/ProjetoEstagio/projeto/public/index.php(53): Illuminate\Foundation\Http\Kernel->handle(Object(Illuminate\Http\Request))
#44 {main}  
[2021-09-02 03:23:07] local.WARNING: Symfony\Component\Debug\Exception\FatalThrowableError: Call to a member function isAdmin() on array in [GET] http://projeto.test/admin:999999
Method: GET
User ID: 1
Customer ID: 10
File: /home/vagrant/Projetos/ProjetoEstagio/projeto/app/Http/Controllers/Admin/HomeController.php
Line: 48
User-Agent: Mozilla/5.0 (Windows NT 10.0; Win64; x64) AppleWebKit/537.36 (KHTML, like Gecko) Chrome/92.0.4515.159 Safari/537.36
IP: 192.168.10.1
  
[2021-09-02 03:23:07] local.ERROR: Symfony\Component\Debug\Exception\FatalThrowableError: Call to a member function isAdmin() on array in /home/vagrant/Projetos/ProjetoEstagio/projeto/app/Http/Controllers/Admin/HomeController.php:48
Stack trace:
#0 [internal function]: App\Http\Controllers\Admin\HomeController->index(Object(Illuminate\Http\Request))
#1 /home/vagrant/Projetos/ProjetoEstagio/projeto/app/Http/Controllers/Admin/Controller.php(52): call_user_func_array(Array, Array)
#2 /home/vagrant/Projetos/ProjetoEstagio/projeto/vendor/laravel/framework/src/Illuminate/Routing/ControllerDispatcher.php(44): App\Http\Controllers\Admin\Controller->callAction('index', Array)
#3 /home/vagrant/Projetos/ProjetoEstagio/projeto/vendor/laravel/framework/src/Illuminate/Routing/Route.php(189): Illuminate\Routing\ControllerDispatcher->dispatch(Object(Illuminate\Routing\Route), Object(App\Http\Controllers\Admin\HomeController), 'index')
#4 /home/vagrant/Projetos/ProjetoEstagio/projeto/vendor/laravel/framework/src/Illuminate/Routing/Route.php(144): Illuminate\Routing\Route->runController()
#5 /home/vagrant/Projetos/ProjetoEstagio/projeto/vendor/laravel/framework/src/Illuminate/Routing/Router.php(653): Illuminate\Routing\Route->run(Object(Illuminate\Http\Request))
#6 /home/vagrant/Projetos/ProjetoEstagio/projeto/vendor/laravel/framework/src/Illuminate/Routing/Pipeline.php(53): Illuminate\Routing\Router->Illuminate\Routing\{closure}(Object(Illuminate\Http\Request))
#7 /home/vagrant/Projetos/ProjetoEstagio/projeto/app/Http/Middleware/AdminAuthenticate.php(32): Illuminate\Routing\Pipeline->Illuminate\Routing\{closure}(Object(Illuminate\Http\Request))
#8 /home/vagrant/Projetos/ProjetoEstagio/projeto/vendor/laravel/framework/src/Illuminate/Pipeline/Pipeline.php(137): App\Http\Middleware\AdminAuthenticate->handle(Object(Illuminate\Http\Request), Object(Closure))
#9 /home/vagrant/Projetos/ProjetoEstagio/projeto/vendor/laravel/framework/src/Illuminate/Routing/Pipeline.php(33): Illuminate\Pipeline\Pipeline->Illuminate\Pipeline\{closure}(Object(Illuminate\Http\Request))
#10 /home/vagrant/Projetos/ProjetoEstagio/projeto/vendor/laravel/framework/src/Illuminate/Routing/Middleware/SubstituteBindings.php(41): Illuminate\Routing\Pipeline->Illuminate\Routing\{closure}(Object(Illuminate\Http\Request))
#11 /home/vagrant/Projetos/ProjetoEstagio/projeto/vendor/laravel/framework/src/Illuminate/Pipeline/Pipeline.php(137): Illuminate\Routing\Middleware\SubstituteBindings->handle(Object(Illuminate\Http\Request), Object(Closure))
#12 /home/vagrant/Projetos/ProjetoEstagio/projeto/vendor/laravel/framework/src/Illuminate/Routing/Pipeline.php(33): Illuminate\Pipeline\Pipeline->Illuminate\Pipeline\{closure}(Object(Illuminate\Http\Request))
#13 /home/vagrant/Projetos/ProjetoEstagio/projeto/vendor/laravel/framework/src/Illuminate/Foundation/Http/Middleware/VerifyCsrfToken.php(65): Illuminate\Routing\Pipeline->Illuminate\Routing\{closure}(Object(Illuminate\Http\Request))
#14 /home/vagrant/Projetos/ProjetoEstagio/projeto/vendor/laravel/framework/src/Illuminate/Pipeline/Pipeline.php(137): Illuminate\Foundation\Http\Middleware\VerifyCsrfToken->handle(Object(Illuminate\Http\Request), Object(Closure))
#15 /home/vagrant/Projetos/ProjetoEstagio/projeto/vendor/laravel/framework/src/Illuminate/Routing/Pipeline.php(33): Illuminate\Pipeline\Pipeline->Illuminate\Pipeline\{closure}(Object(Illuminate\Http\Request))
#16 /home/vagrant/Projetos/ProjetoEstagio/projeto/vendor/laravel/framework/src/Illuminate/View/Middleware/ShareErrorsFromSession.php(49): Illuminate\Routing\Pipeline->Illuminate\Routing\{closure}(Object(Illuminate\Http\Request))
#17 /home/vagrant/Projetos/ProjetoEstagio/projeto/vendor/laravel/framework/src/Illuminate/Pipeline/Pipeline.php(137): Illuminate\View\Middleware\ShareErrorsFromSession->handle(Object(Illuminate\Http\Request), Object(Closure))
#18 /home/vagrant/Projetos/ProjetoEstagio/projeto/vendor/laravel/framework/src/Illuminate/Routing/Pipeline.php(33): Illuminate\Pipeline\Pipeline->Illuminate\Pipeline\{closure}(Object(Illuminate\Http\Request))
#19 /home/vagrant/Projetos/ProjetoEstagio/projeto/vendor/laravel/framework/src/Illuminate/Session/Middleware/StartSession.php(64): Illuminate\Routing\Pipeline->Illuminate\Routing\{closure}(Object(Illuminate\Http\Request))
#20 /home/vagrant/Projetos/ProjetoEstagio/projeto/vendor/laravel/framework/src/Illuminate/Pipeline/Pipeline.php(137): Illuminate\Session\Middleware\StartSession->handle(Object(Illuminate\Http\Request), Object(Closure))
#21 /home/vagrant/Projetos/ProjetoEstagio/projeto/vendor/laravel/framework/src/Illuminate/Routing/Pipeline.php(33): Illuminate\Pipeline\Pipeline->Illuminate\Pipeline\{closure}(Object(Illuminate\Http\Request))
#22 /home/vagrant/Projetos/ProjetoEstagio/projeto/vendor/laravel/framework/src/Illuminate/Cookie/Middleware/AddQueuedCookiesToResponse.php(37): Illuminate\Routing\Pipeline->Illuminate\Routing\{closure}(Object(Illuminate\Http\Request))
#23 /home/vagrant/Projetos/ProjetoEstagio/projeto/vendor/laravel/framework/src/Illuminate/Pipeline/Pipeline.php(137): Illuminate\Cookie\Middleware\AddQueuedCookiesToResponse->handle(Object(Illuminate\Http\Request), Object(Closure))
#24 /home/vagrant/Projetos/ProjetoEstagio/projeto/vendor/laravel/framework/src/Illuminate/Routing/Pipeline.php(33): Illuminate\Pipeline\Pipeline->Illuminate\Pipeline\{closure}(Object(Illuminate\Http\Request))
#25 /home/vagrant/Projetos/ProjetoEstagio/projeto/vendor/laravel/framework/src/Illuminate/Cookie/Middleware/EncryptCookies.php(59): Illuminate\Routing\Pipeline->Illuminate\Routing\{closure}(Object(Illuminate\Http\Request))
#26 /home/vagrant/Projetos/ProjetoEstagio/projeto/vendor/laravel/framework/src/Illuminate/Pipeline/Pipeline.php(137): Illuminate\Cookie\Middleware\EncryptCookies->handle(Object(Illuminate\Http\Request), Object(Closure))
#27 /home/vagrant/Projetos/ProjetoEstagio/projeto/vendor/laravel/framework/src/Illuminate/Routing/Pipeline.php(33): Illuminate\Pipeline\Pipeline->Illuminate\Pipeline\{closure}(Object(Illuminate\Http\Request))
#28 /home/vagrant/Projetos/ProjetoEstagio/projeto/vendor/laravel/framework/src/Illuminate/Pipeline/Pipeline.php(104): Illuminate\Routing\Pipeline->Illuminate\Routing\{closure}(Object(Illuminate\Http\Request))
#29 /home/vagrant/Projetos/ProjetoEstagio/projeto/vendor/laravel/framework/src/Illuminate/Routing/Router.php(655): Illuminate\Pipeline\Pipeline->then(Object(Closure))
#30 /home/vagrant/Projetos/ProjetoEstagio/projeto/vendor/laravel/framework/src/Illuminate/Routing/Router.php(629): Illuminate\Routing\Router->runRouteWithinStack(Object(Illuminate\Routing\Route), Object(Illuminate\Http\Request))
#31 /home/vagrant/Projetos/ProjetoEstagio/projeto/vendor/laravel/framework/src/Illuminate/Routing/Router.php(607): Illuminate\Routing\Router->dispatchToRoute(Object(Illuminate\Http\Request))
#32 /home/vagrant/Projetos/ProjetoEstagio/projeto/vendor/laravel/framework/src/Illuminate/Foundation/Http/Kernel.php(268): Illuminate\Routing\Router->dispatch(Object(Illuminate\Http\Request))
#33 /home/vagrant/Projetos/ProjetoEstagio/projeto/vendor/laravel/framework/src/Illuminate/Routing/Pipeline.php(53): Illuminate\Foundation\Http\Kernel->Illuminate\Foundation\Http\{closure}(Object(Illuminate\Http\Request))
#34 /home/vagrant/Projetos/ProjetoEstagio/projeto/vendor/barryvdh/laravel-debugbar/src/Middleware/Debugbar.php(51): Illuminate\Routing\Pipeline->Illuminate\Routing\{closure}(Object(Illuminate\Http\Request))
#35 /home/vagrant/Projetos/ProjetoEstagio/projeto/vendor/laravel/framework/src/Illuminate/Pipeline/Pipeline.php(137): Barryvdh\Debugbar\Middleware\Debugbar->handle(Object(Illuminate\Http\Request), Object(Closure))
#36 /home/vagrant/Projetos/ProjetoEstagio/projeto/vendor/laravel/framework/src/Illuminate/Routing/Pipeline.php(33): Illuminate\Pipeline\Pipeline->Illuminate\Pipeline\{closure}(Object(Illuminate\Http\Request))
#37 /home/vagrant/Projetos/ProjetoEstagio/projeto/app/Http/Middleware/CheckForMaintenanceMode.php(48): Illuminate\Routing\Pipeline->Illuminate\Routing\{closure}(Object(Illuminate\Http\Request))
#38 /home/vagrant/Projetos/ProjetoEstagio/projeto/vendor/laravel/framework/src/Illuminate/Pipeline/Pipeline.php(137): App\Http\Middleware\CheckForMaintenanceMode->handle(Object(Illuminate\Http\Request), Object(Closure))
#39 /home/vagrant/Projetos/ProjetoEstagio/projeto/vendor/laravel/framework/src/Illuminate/Routing/Pipeline.php(33): Illuminate\Pipeline\Pipeline->Illuminate\Pipeline\{closure}(Object(Illuminate\Http\Request))
#40 /home/vagrant/Projetos/ProjetoEstagio/projeto/vendor/laravel/framework/src/Illuminate/Pipeline/Pipeline.php(104): Illuminate\Routing\Pipeline->Illuminate\Routing\{closure}(Object(Illuminate\Http\Request))
#41 /home/vagrant/Projetos/ProjetoEstagio/projeto/vendor/laravel/framework/src/Illuminate/Foundation/Http/Kernel.php(150): Illuminate\Pipeline\Pipeline->then(Object(Closure))
#42 /home/vagrant/Projetos/ProjetoEstagio/projeto/vendor/laravel/framework/src/Illuminate/Foundation/Http/Kernel.php(117): Illuminate\Foundation\Http\Kernel->sendRequestThroughRouter(Object(Illuminate\Http\Request))
#43 /home/vagrant/Projetos/ProjetoEstagio/projeto/public/index.php(53): Illuminate\Foundation\Http\Kernel->handle(Object(Illuminate\Http\Request))
#44 {main}  
[2021-09-02 03:23:15] local.WARNING: Symfony\Component\Debug\Exception\FatalThrowableError: Call to a member function isAdmin() on array in [GET] http://projeto.test/admin:999999
Method: GET
User ID: 1
Customer ID: 10
File: /home/vagrant/Projetos/ProjetoEstagio/projeto/app/Http/Controllers/Admin/HomeController.php
Line: 48
User-Agent: Mozilla/5.0 (Windows NT 10.0; Win64; x64) AppleWebKit/537.36 (KHTML, like Gecko) Chrome/92.0.4515.159 Safari/537.36
IP: 192.168.10.1
  
[2021-09-02 03:23:15] local.ERROR: Symfony\Component\Debug\Exception\FatalThrowableError: Call to a member function isAdmin() on array in /home/vagrant/Projetos/ProjetoEstagio/projeto/app/Http/Controllers/Admin/HomeController.php:48
Stack trace:
#0 [internal function]: App\Http\Controllers\Admin\HomeController->index(Object(Illuminate\Http\Request))
#1 /home/vagrant/Projetos/ProjetoEstagio/projeto/app/Http/Controllers/Admin/Controller.php(52): call_user_func_array(Array, Array)
#2 /home/vagrant/Projetos/ProjetoEstagio/projeto/vendor/laravel/framework/src/Illuminate/Routing/ControllerDispatcher.php(44): App\Http\Controllers\Admin\Controller->callAction('index', Array)
#3 /home/vagrant/Projetos/ProjetoEstagio/projeto/vendor/laravel/framework/src/Illuminate/Routing/Route.php(189): Illuminate\Routing\ControllerDispatcher->dispatch(Object(Illuminate\Routing\Route), Object(App\Http\Controllers\Admin\HomeController), 'index')
#4 /home/vagrant/Projetos/ProjetoEstagio/projeto/vendor/laravel/framework/src/Illuminate/Routing/Route.php(144): Illuminate\Routing\Route->runController()
#5 /home/vagrant/Projetos/ProjetoEstagio/projeto/vendor/laravel/framework/src/Illuminate/Routing/Router.php(653): Illuminate\Routing\Route->run(Object(Illuminate\Http\Request))
#6 /home/vagrant/Projetos/ProjetoEstagio/projeto/vendor/laravel/framework/src/Illuminate/Routing/Pipeline.php(53): Illuminate\Routing\Router->Illuminate\Routing\{closure}(Object(Illuminate\Http\Request))
#7 /home/vagrant/Projetos/ProjetoEstagio/projeto/app/Http/Middleware/AdminAuthenticate.php(32): Illuminate\Routing\Pipeline->Illuminate\Routing\{closure}(Object(Illuminate\Http\Request))
#8 /home/vagrant/Projetos/ProjetoEstagio/projeto/vendor/laravel/framework/src/Illuminate/Pipeline/Pipeline.php(137): App\Http\Middleware\AdminAuthenticate->handle(Object(Illuminate\Http\Request), Object(Closure))
#9 /home/vagrant/Projetos/ProjetoEstagio/projeto/vendor/laravel/framework/src/Illuminate/Routing/Pipeline.php(33): Illuminate\Pipeline\Pipeline->Illuminate\Pipeline\{closure}(Object(Illuminate\Http\Request))
#10 /home/vagrant/Projetos/ProjetoEstagio/projeto/vendor/laravel/framework/src/Illuminate/Routing/Middleware/SubstituteBindings.php(41): Illuminate\Routing\Pipeline->Illuminate\Routing\{closure}(Object(Illuminate\Http\Request))
#11 /home/vagrant/Projetos/ProjetoEstagio/projeto/vendor/laravel/framework/src/Illuminate/Pipeline/Pipeline.php(137): Illuminate\Routing\Middleware\SubstituteBindings->handle(Object(Illuminate\Http\Request), Object(Closure))
#12 /home/vagrant/Projetos/ProjetoEstagio/projeto/vendor/laravel/framework/src/Illuminate/Routing/Pipeline.php(33): Illuminate\Pipeline\Pipeline->Illuminate\Pipeline\{closure}(Object(Illuminate\Http\Request))
#13 /home/vagrant/Projetos/ProjetoEstagio/projeto/vendor/laravel/framework/src/Illuminate/Foundation/Http/Middleware/VerifyCsrfToken.php(65): Illuminate\Routing\Pipeline->Illuminate\Routing\{closure}(Object(Illuminate\Http\Request))
#14 /home/vagrant/Projetos/ProjetoEstagio/projeto/vendor/laravel/framework/src/Illuminate/Pipeline/Pipeline.php(137): Illuminate\Foundation\Http\Middleware\VerifyCsrfToken->handle(Object(Illuminate\Http\Request), Object(Closure))
#15 /home/vagrant/Projetos/ProjetoEstagio/projeto/vendor/laravel/framework/src/Illuminate/Routing/Pipeline.php(33): Illuminate\Pipeline\Pipeline->Illuminate\Pipeline\{closure}(Object(Illuminate\Http\Request))
#16 /home/vagrant/Projetos/ProjetoEstagio/projeto/vendor/laravel/framework/src/Illuminate/View/Middleware/ShareErrorsFromSession.php(49): Illuminate\Routing\Pipeline->Illuminate\Routing\{closure}(Object(Illuminate\Http\Request))
#17 /home/vagrant/Projetos/ProjetoEstagio/projeto/vendor/laravel/framework/src/Illuminate/Pipeline/Pipeline.php(137): Illuminate\View\Middleware\ShareErrorsFromSession->handle(Object(Illuminate\Http\Request), Object(Closure))
#18 /home/vagrant/Projetos/ProjetoEstagio/projeto/vendor/laravel/framework/src/Illuminate/Routing/Pipeline.php(33): Illuminate\Pipeline\Pipeline->Illuminate\Pipeline\{closure}(Object(Illuminate\Http\Request))
#19 /home/vagrant/Projetos/ProjetoEstagio/projeto/vendor/laravel/framework/src/Illuminate/Session/Middleware/StartSession.php(64): Illuminate\Routing\Pipeline->Illuminate\Routing\{closure}(Object(Illuminate\Http\Request))
#20 /home/vagrant/Projetos/ProjetoEstagio/projeto/vendor/laravel/framework/src/Illuminate/Pipeline/Pipeline.php(137): Illuminate\Session\Middleware\StartSession->handle(Object(Illuminate\Http\Request), Object(Closure))
#21 /home/vagrant/Projetos/ProjetoEstagio/projeto/vendor/laravel/framework/src/Illuminate/Routing/Pipeline.php(33): Illuminate\Pipeline\Pipeline->Illuminate\Pipeline\{closure}(Object(Illuminate\Http\Request))
#22 /home/vagrant/Projetos/ProjetoEstagio/projeto/vendor/laravel/framework/src/Illuminate/Cookie/Middleware/AddQueuedCookiesToResponse.php(37): Illuminate\Routing\Pipeline->Illuminate\Routing\{closure}(Object(Illuminate\Http\Request))
#23 /home/vagrant/Projetos/ProjetoEstagio/projeto/vendor/laravel/framework/src/Illuminate/Pipeline/Pipeline.php(137): Illuminate\Cookie\Middleware\AddQueuedCookiesToResponse->handle(Object(Illuminate\Http\Request), Object(Closure))
#24 /home/vagrant/Projetos/ProjetoEstagio/projeto/vendor/laravel/framework/src/Illuminate/Routing/Pipeline.php(33): Illuminate\Pipeline\Pipeline->Illuminate\Pipeline\{closure}(Object(Illuminate\Http\Request))
#25 /home/vagrant/Projetos/ProjetoEstagio/projeto/vendor/laravel/framework/src/Illuminate/Cookie/Middleware/EncryptCookies.php(59): Illuminate\Routing\Pipeline->Illuminate\Routing\{closure}(Object(Illuminate\Http\Request))
#26 /home/vagrant/Projetos/ProjetoEstagio/projeto/vendor/laravel/framework/src/Illuminate/Pipeline/Pipeline.php(137): Illuminate\Cookie\Middleware\EncryptCookies->handle(Object(Illuminate\Http\Request), Object(Closure))
#27 /home/vagrant/Projetos/ProjetoEstagio/projeto/vendor/laravel/framework/src/Illuminate/Routing/Pipeline.php(33): Illuminate\Pipeline\Pipeline->Illuminate\Pipeline\{closure}(Object(Illuminate\Http\Request))
#28 /home/vagrant/Projetos/ProjetoEstagio/projeto/vendor/laravel/framework/src/Illuminate/Pipeline/Pipeline.php(104): Illuminate\Routing\Pipeline->Illuminate\Routing\{closure}(Object(Illuminate\Http\Request))
#29 /home/vagrant/Projetos/ProjetoEstagio/projeto/vendor/laravel/framework/src/Illuminate/Routing/Router.php(655): Illuminate\Pipeline\Pipeline->then(Object(Closure))
#30 /home/vagrant/Projetos/ProjetoEstagio/projeto/vendor/laravel/framework/src/Illuminate/Routing/Router.php(629): Illuminate\Routing\Router->runRouteWithinStack(Object(Illuminate\Routing\Route), Object(Illuminate\Http\Request))
#31 /home/vagrant/Projetos/ProjetoEstagio/projeto/vendor/laravel/framework/src/Illuminate/Routing/Router.php(607): Illuminate\Routing\Router->dispatchToRoute(Object(Illuminate\Http\Request))
#32 /home/vagrant/Projetos/ProjetoEstagio/projeto/vendor/laravel/framework/src/Illuminate/Foundation/Http/Kernel.php(268): Illuminate\Routing\Router->dispatch(Object(Illuminate\Http\Request))
#33 /home/vagrant/Projetos/ProjetoEstagio/projeto/vendor/laravel/framework/src/Illuminate/Routing/Pipeline.php(53): Illuminate\Foundation\Http\Kernel->Illuminate\Foundation\Http\{closure}(Object(Illuminate\Http\Request))
#34 /home/vagrant/Projetos/ProjetoEstagio/projeto/vendor/barryvdh/laravel-debugbar/src/Middleware/Debugbar.php(51): Illuminate\Routing\Pipeline->Illuminate\Routing\{closure}(Object(Illuminate\Http\Request))
#35 /home/vagrant/Projetos/ProjetoEstagio/projeto/vendor/laravel/framework/src/Illuminate/Pipeline/Pipeline.php(137): Barryvdh\Debugbar\Middleware\Debugbar->handle(Object(Illuminate\Http\Request), Object(Closure))
#36 /home/vagrant/Projetos/ProjetoEstagio/projeto/vendor/laravel/framework/src/Illuminate/Routing/Pipeline.php(33): Illuminate\Pipeline\Pipeline->Illuminate\Pipeline\{closure}(Object(Illuminate\Http\Request))
#37 /home/vagrant/Projetos/ProjetoEstagio/projeto/app/Http/Middleware/CheckForMaintenanceMode.php(48): Illuminate\Routing\Pipeline->Illuminate\Routing\{closure}(Object(Illuminate\Http\Request))
#38 /home/vagrant/Projetos/ProjetoEstagio/projeto/vendor/laravel/framework/src/Illuminate/Pipeline/Pipeline.php(137): App\Http\Middleware\CheckForMaintenanceMode->handle(Object(Illuminate\Http\Request), Object(Closure))
#39 /home/vagrant/Projetos/ProjetoEstagio/projeto/vendor/laravel/framework/src/Illuminate/Routing/Pipeline.php(33): Illuminate\Pipeline\Pipeline->Illuminate\Pipeline\{closure}(Object(Illuminate\Http\Request))
#40 /home/vagrant/Projetos/ProjetoEstagio/projeto/vendor/laravel/framework/src/Illuminate/Pipeline/Pipeline.php(104): Illuminate\Routing\Pipeline->Illuminate\Routing\{closure}(Object(Illuminate\Http\Request))
#41 /home/vagrant/Projetos/ProjetoEstagio/projeto/vendor/laravel/framework/src/Illuminate/Foundation/Http/Kernel.php(150): Illuminate\Pipeline\Pipeline->then(Object(Closure))
#42 /home/vagrant/Projetos/ProjetoEstagio/projeto/vendor/laravel/framework/src/Illuminate/Foundation/Http/Kernel.php(117): Illuminate\Foundation\Http\Kernel->sendRequestThroughRouter(Object(Illuminate\Http\Request))
#43 /home/vagrant/Projetos/ProjetoEstagio/projeto/public/index.php(53): Illuminate\Foundation\Http\Kernel->handle(Object(Illuminate\Http\Request))
#44 {main}  
[2021-09-02 03:23:17] local.WARNING: BadMethodCallException: Method isAdmin does not exist. in [GET] http://projeto.test/admin:999999
Method: GET
User ID: 1
Customer ID: 10
File: /home/vagrant/Projetos/ProjetoEstagio/projeto/vendor/laravel/framework/src/Illuminate/Support/Traits/Macroable.php
Line: 74
User-Agent: Mozilla/5.0 (Windows NT 10.0; Win64; x64) AppleWebKit/537.36 (KHTML, like Gecko) Chrome/92.0.4515.159 Safari/537.36
IP: 192.168.10.1
  
[2021-09-02 03:23:17] local.ERROR: BadMethodCallException: Method isAdmin does not exist. in /home/vagrant/Projetos/ProjetoEstagio/projeto/vendor/laravel/framework/src/Illuminate/Support/Traits/Macroable.php:74
Stack trace:
#0 /home/vagrant/Projetos/ProjetoEstagio/projeto/app/Http/Controllers/Admin/HomeController.php(48): Illuminate\Support\Collection->__call('isAdmin', Array)
#1 [internal function]: App\Http\Controllers\Admin\HomeController->index(Object(Illuminate\Http\Request))
#2 /home/vagrant/Projetos/ProjetoEstagio/projeto/app/Http/Controllers/Admin/Controller.php(52): call_user_func_array(Array, Array)
#3 /home/vagrant/Projetos/ProjetoEstagio/projeto/vendor/laravel/framework/src/Illuminate/Routing/ControllerDispatcher.php(44): App\Http\Controllers\Admin\Controller->callAction('index', Array)
#4 /home/vagrant/Projetos/ProjetoEstagio/projeto/vendor/laravel/framework/src/Illuminate/Routing/Route.php(189): Illuminate\Routing\ControllerDispatcher->dispatch(Object(Illuminate\Routing\Route), Object(App\Http\Controllers\Admin\HomeController), 'index')
#5 /home/vagrant/Projetos/ProjetoEstagio/projeto/vendor/laravel/framework/src/Illuminate/Routing/Route.php(144): Illuminate\Routing\Route->runController()
#6 /home/vagrant/Projetos/ProjetoEstagio/projeto/vendor/laravel/framework/src/Illuminate/Routing/Router.php(653): Illuminate\Routing\Route->run(Object(Illuminate\Http\Request))
#7 /home/vagrant/Projetos/ProjetoEstagio/projeto/vendor/laravel/framework/src/Illuminate/Routing/Pipeline.php(53): Illuminate\Routing\Router->Illuminate\Routing\{closure}(Object(Illuminate\Http\Request))
#8 /home/vagrant/Projetos/ProjetoEstagio/projeto/app/Http/Middleware/AdminAuthenticate.php(32): Illuminate\Routing\Pipeline->Illuminate\Routing\{closure}(Object(Illuminate\Http\Request))
#9 /home/vagrant/Projetos/ProjetoEstagio/projeto/vendor/laravel/framework/src/Illuminate/Pipeline/Pipeline.php(137): App\Http\Middleware\AdminAuthenticate->handle(Object(Illuminate\Http\Request), Object(Closure))
#10 /home/vagrant/Projetos/ProjetoEstagio/projeto/vendor/laravel/framework/src/Illuminate/Routing/Pipeline.php(33): Illuminate\Pipeline\Pipeline->Illuminate\Pipeline\{closure}(Object(Illuminate\Http\Request))
#11 /home/vagrant/Projetos/ProjetoEstagio/projeto/vendor/laravel/framework/src/Illuminate/Routing/Middleware/SubstituteBindings.php(41): Illuminate\Routing\Pipeline->Illuminate\Routing\{closure}(Object(Illuminate\Http\Request))
#12 /home/vagrant/Projetos/ProjetoEstagio/projeto/vendor/laravel/framework/src/Illuminate/Pipeline/Pipeline.php(137): Illuminate\Routing\Middleware\SubstituteBindings->handle(Object(Illuminate\Http\Request), Object(Closure))
#13 /home/vagrant/Projetos/ProjetoEstagio/projeto/vendor/laravel/framework/src/Illuminate/Routing/Pipeline.php(33): Illuminate\Pipeline\Pipeline->Illuminate\Pipeline\{closure}(Object(Illuminate\Http\Request))
#14 /home/vagrant/Projetos/ProjetoEstagio/projeto/vendor/laravel/framework/src/Illuminate/Foundation/Http/Middleware/VerifyCsrfToken.php(65): Illuminate\Routing\Pipeline->Illuminate\Routing\{closure}(Object(Illuminate\Http\Request))
#15 /home/vagrant/Projetos/ProjetoEstagio/projeto/vendor/laravel/framework/src/Illuminate/Pipeline/Pipeline.php(137): Illuminate\Foundation\Http\Middleware\VerifyCsrfToken->handle(Object(Illuminate\Http\Request), Object(Closure))
#16 /home/vagrant/Projetos/ProjetoEstagio/projeto/vendor/laravel/framework/src/Illuminate/Routing/Pipeline.php(33): Illuminate\Pipeline\Pipeline->Illuminate\Pipeline\{closure}(Object(Illuminate\Http\Request))
#17 /home/vagrant/Projetos/ProjetoEstagio/projeto/vendor/laravel/framework/src/Illuminate/View/Middleware/ShareErrorsFromSession.php(49): Illuminate\Routing\Pipeline->Illuminate\Routing\{closure}(Object(Illuminate\Http\Request))
#18 /home/vagrant/Projetos/ProjetoEstagio/projeto/vendor/laravel/framework/src/Illuminate/Pipeline/Pipeline.php(137): Illuminate\View\Middleware\ShareErrorsFromSession->handle(Object(Illuminate\Http\Request), Object(Closure))
#19 /home/vagrant/Projetos/ProjetoEstagio/projeto/vendor/laravel/framework/src/Illuminate/Routing/Pipeline.php(33): Illuminate\Pipeline\Pipeline->Illuminate\Pipeline\{closure}(Object(Illuminate\Http\Request))
#20 /home/vagrant/Projetos/ProjetoEstagio/projeto/vendor/laravel/framework/src/Illuminate/Session/Middleware/StartSession.php(64): Illuminate\Routing\Pipeline->Illuminate\Routing\{closure}(Object(Illuminate\Http\Request))
#21 /home/vagrant/Projetos/ProjetoEstagio/projeto/vendor/laravel/framework/src/Illuminate/Pipeline/Pipeline.php(137): Illuminate\Session\Middleware\StartSession->handle(Object(Illuminate\Http\Request), Object(Closure))
#22 /home/vagrant/Projetos/ProjetoEstagio/projeto/vendor/laravel/framework/src/Illuminate/Routing/Pipeline.php(33): Illuminate\Pipeline\Pipeline->Illuminate\Pipeline\{closure}(Object(Illuminate\Http\Request))
#23 /home/vagrant/Projetos/ProjetoEstagio/projeto/vendor/laravel/framework/src/Illuminate/Cookie/Middleware/AddQueuedCookiesToResponse.php(37): Illuminate\Routing\Pipeline->Illuminate\Routing\{closure}(Object(Illuminate\Http\Request))
#24 /home/vagrant/Projetos/ProjetoEstagio/projeto/vendor/laravel/framework/src/Illuminate/Pipeline/Pipeline.php(137): Illuminate\Cookie\Middleware\AddQueuedCookiesToResponse->handle(Object(Illuminate\Http\Request), Object(Closure))
#25 /home/vagrant/Projetos/ProjetoEstagio/projeto/vendor/laravel/framework/src/Illuminate/Routing/Pipeline.php(33): Illuminate\Pipeline\Pipeline->Illuminate\Pipeline\{closure}(Object(Illuminate\Http\Request))
#26 /home/vagrant/Projetos/ProjetoEstagio/projeto/vendor/laravel/framework/src/Illuminate/Cookie/Middleware/EncryptCookies.php(59): Illuminate\Routing\Pipeline->Illuminate\Routing\{closure}(Object(Illuminate\Http\Request))
#27 /home/vagrant/Projetos/ProjetoEstagio/projeto/vendor/laravel/framework/src/Illuminate/Pipeline/Pipeline.php(137): Illuminate\Cookie\Middleware\EncryptCookies->handle(Object(Illuminate\Http\Request), Object(Closure))
#28 /home/vagrant/Projetos/ProjetoEstagio/projeto/vendor/laravel/framework/src/Illuminate/Routing/Pipeline.php(33): Illuminate\Pipeline\Pipeline->Illuminate\Pipeline\{closure}(Object(Illuminate\Http\Request))
#29 /home/vagrant/Projetos/ProjetoEstagio/projeto/vendor/laravel/framework/src/Illuminate/Pipeline/Pipeline.php(104): Illuminate\Routing\Pipeline->Illuminate\Routing\{closure}(Object(Illuminate\Http\Request))
#30 /home/vagrant/Projetos/ProjetoEstagio/projeto/vendor/laravel/framework/src/Illuminate/Routing/Router.php(655): Illuminate\Pipeline\Pipeline->then(Object(Closure))
#31 /home/vagrant/Projetos/ProjetoEstagio/projeto/vendor/laravel/framework/src/Illuminate/Routing/Router.php(629): Illuminate\Routing\Router->runRouteWithinStack(Object(Illuminate\Routing\Route), Object(Illuminate\Http\Request))
#32 /home/vagrant/Projetos/ProjetoEstagio/projeto/vendor/laravel/framework/src/Illuminate/Routing/Router.php(607): Illuminate\Routing\Router->dispatchToRoute(Object(Illuminate\Http\Request))
#33 /home/vagrant/Projetos/ProjetoEstagio/projeto/vendor/laravel/framework/src/Illuminate/Foundation/Http/Kernel.php(268): Illuminate\Routing\Router->dispatch(Object(Illuminate\Http\Request))
#34 /home/vagrant/Projetos/ProjetoEstagio/projeto/vendor/laravel/framework/src/Illuminate/Routing/Pipeline.php(53): Illuminate\Foundation\Http\Kernel->Illuminate\Foundation\Http\{closure}(Object(Illuminate\Http\Request))
#35 /home/vagrant/Projetos/ProjetoEstagio/projeto/vendor/barryvdh/laravel-debugbar/src/Middleware/Debugbar.php(51): Illuminate\Routing\Pipeline->Illuminate\Routing\{closure}(Object(Illuminate\Http\Request))
#36 /home/vagrant/Projetos/ProjetoEstagio/projeto/vendor/laravel/framework/src/Illuminate/Pipeline/Pipeline.php(137): Barryvdh\Debugbar\Middleware\Debugbar->handle(Object(Illuminate\Http\Request), Object(Closure))
#37 /home/vagrant/Projetos/ProjetoEstagio/projeto/vendor/laravel/framework/src/Illuminate/Routing/Pipeline.php(33): Illuminate\Pipeline\Pipeline->Illuminate\Pipeline\{closure}(Object(Illuminate\Http\Request))
#38 /home/vagrant/Projetos/ProjetoEstagio/projeto/app/Http/Middleware/CheckForMaintenanceMode.php(48): Illuminate\Routing\Pipeline->Illuminate\Routing\{closure}(Object(Illuminate\Http\Request))
#39 /home/vagrant/Projetos/ProjetoEstagio/projeto/vendor/laravel/framework/src/Illuminate/Pipeline/Pipeline.php(137): App\Http\Middleware\CheckForMaintenanceMode->handle(Object(Illuminate\Http\Request), Object(Closure))
#40 /home/vagrant/Projetos/ProjetoEstagio/projeto/vendor/laravel/framework/src/Illuminate/Routing/Pipeline.php(33): Illuminate\Pipeline\Pipeline->Illuminate\Pipeline\{closure}(Object(Illuminate\Http\Request))
#41 /home/vagrant/Projetos/ProjetoEstagio/projeto/vendor/laravel/framework/src/Illuminate/Pipeline/Pipeline.php(104): Illuminate\Routing\Pipeline->Illuminate\Routing\{closure}(Object(Illuminate\Http\Request))
#42 /home/vagrant/Projetos/ProjetoEstagio/projeto/vendor/laravel/framework/src/Illuminate/Foundation/Http/Kernel.php(150): Illuminate\Pipeline\Pipeline->then(Object(Closure))
#43 /home/vagrant/Projetos/ProjetoEstagio/projeto/vendor/laravel/framework/src/Illuminate/Foundation/Http/Kernel.php(117): Illuminate\Foundation\Http\Kernel->sendRequestThroughRouter(Object(Illuminate\Http\Request))
#44 /home/vagrant/Projetos/ProjetoEstagio/projeto/public/index.php(53): Illuminate\Foundation\Http\Kernel->handle(Object(Illuminate\Http\Request))
#45 {main}  
