[2021-04-11 18:14:46] local.WARNING: Symfony\Component\HttpKernel\Exception\NotFoundHttpException in [GET] http://projeto.test/uploads/users/ecz1yqjat3.png:999999
Method: GET
File: /home/vagrant/Projetos/projeto_base/vendor/laravel/framework/src/Illuminate/Routing/RouteCollection.php
Line: 161
User-Agent: Mozilla/5.0 (Windows NT 10.0; Win64; x64) AppleWebKit/537.36 (KHTML, like Gecko) Chrome/89.0.4389.114 Safari/537.36
IP: 192.168.10.1
  
[2021-04-11 18:14:46] local.WARNING: Symfony\Component\HttpKernel\Exception\NotFoundHttpException in [GET] http://projeto.test/assets/img/logo/logo_white_xs.png:999999
Method: GET
File: /home/vagrant/Projetos/projeto_base/vendor/laravel/framework/src/Illuminate/Routing/RouteCollection.php
Line: 161
User-Agent: Mozilla/5.0 (Windows NT 10.0; Win64; x64) AppleWebKit/537.36 (KHTML, like Gecko) Chrome/89.0.4389.114 Safari/537.36
IP: 192.168.10.1
  
[2021-04-11 18:14:46] local.WARNING: Symfony\Component\HttpKernel\Exception\NotFoundHttpException in [GET] http://projeto.test/assets/img/logo/logo_square_xs.png:999999
Method: GET
File: /home/vagrant/Projetos/projeto_base/vendor/laravel/framework/src/Illuminate/Routing/RouteCollection.php
Line: 161
User-Agent: Mozilla/5.0 (Windows NT 10.0; Win64; x64) AppleWebKit/537.36 (KHTML, like Gecko) Chrome/89.0.4389.114 Safari/537.36
IP: 192.168.10.1
  
[2021-04-11 18:14:49] local.WARNING: Symfony\Component\HttpKernel\Exception\NotFoundHttpException in [GET] http://projeto.test/assets/img/logo/logo_white_xs.png:999999
Method: GET
File: /home/vagrant/Projetos/projeto_base/vendor/laravel/framework/src/Illuminate/Routing/RouteCollection.php
Line: 161
User-Agent: Mozilla/5.0 (Windows NT 10.0; Win64; x64) AppleWebKit/537.36 (KHTML, like Gecko) Chrome/89.0.4389.114 Safari/537.36
IP: 192.168.10.1
  
[2021-04-11 18:14:49] local.WARNING: Symfony\Component\HttpKernel\Exception\NotFoundHttpException in [GET] http://projeto.test/assets/img/logo/logo_square_xs.png:999999
Method: GET
File: /home/vagrant/Projetos/projeto_base/vendor/laravel/framework/src/Illuminate/Routing/RouteCollection.php
Line: 161
User-Agent: Mozilla/5.0 (Windows NT 10.0; Win64; x64) AppleWebKit/537.36 (KHTML, like Gecko) Chrome/89.0.4389.114 Safari/537.36
IP: 192.168.10.1
  
[2021-04-11 18:14:49] local.WARNING: Symfony\Component\HttpKernel\Exception\NotFoundHttpException in [GET] http://projeto.test/uploads/users/ecz1yqjat3.png:999999
Method: GET
File: /home/vagrant/Projetos/projeto_base/vendor/laravel/framework/src/Illuminate/Routing/RouteCollection.php
Line: 161
User-Agent: Mozilla/5.0 (Windows NT 10.0; Win64; x64) AppleWebKit/537.36 (KHTML, like Gecko) Chrome/89.0.4389.114 Safari/537.36
IP: 192.168.10.1
  
[2021-04-11 18:14:51] local.WARNING: Symfony\Component\HttpKernel\Exception\NotFoundHttpException in [GET] http://projeto.test/assets/img/logo/logo_white_xs.png:999999
Method: GET
File: /home/vagrant/Projetos/projeto_base/vendor/laravel/framework/src/Illuminate/Routing/RouteCollection.php
Line: 161
User-Agent: Mozilla/5.0 (Windows NT 10.0; Win64; x64) AppleWebKit/537.36 (KHTML, like Gecko) Chrome/89.0.4389.114 Safari/537.36
IP: 192.168.10.1
  
[2021-04-11 18:14:51] local.WARNING: Symfony\Component\HttpKernel\Exception\NotFoundHttpException in [GET] http://projeto.test/assets/img/logo/logo_square_xs.png:999999
Method: GET
File: /home/vagrant/Projetos/projeto_base/vendor/laravel/framework/src/Illuminate/Routing/RouteCollection.php
Line: 161
User-Agent: Mozilla/5.0 (Windows NT 10.0; Win64; x64) AppleWebKit/537.36 (KHTML, like Gecko) Chrome/89.0.4389.114 Safari/537.36
IP: 192.168.10.1
  
[2021-04-11 18:14:51] local.WARNING: Symfony\Component\HttpKernel\Exception\NotFoundHttpException in [GET] http://projeto.test/uploads/users/ecz1yqjat3.png:999999
Method: GET
File: /home/vagrant/Projetos/projeto_base/vendor/laravel/framework/src/Illuminate/Routing/RouteCollection.php
Line: 161
User-Agent: Mozilla/5.0 (Windows NT 10.0; Win64; x64) AppleWebKit/537.36 (KHTML, like Gecko) Chrome/89.0.4389.114 Safari/537.36
IP: 192.168.10.1
  
[2021-04-11 18:14:52] local.WARNING: Symfony\Component\HttpKernel\Exception\NotFoundHttpException in [GET] http://projeto.test/assets/img/logo/logo_white_xs.png:999999
Method: GET
File: /home/vagrant/Projetos/projeto_base/vendor/laravel/framework/src/Illuminate/Routing/RouteCollection.php
Line: 161
User-Agent: Mozilla/5.0 (Windows NT 10.0; Win64; x64) AppleWebKit/537.36 (KHTML, like Gecko) Chrome/89.0.4389.114 Safari/537.36
IP: 192.168.10.1
  
[2021-04-11 18:14:52] local.WARNING: Symfony\Component\HttpKernel\Exception\NotFoundHttpException in [GET] http://projeto.test/assets/img/logo/logo_square_xs.png:999999
Method: GET
File: /home/vagrant/Projetos/projeto_base/vendor/laravel/framework/src/Illuminate/Routing/RouteCollection.php
Line: 161
User-Agent: Mozilla/5.0 (Windows NT 10.0; Win64; x64) AppleWebKit/537.36 (KHTML, like Gecko) Chrome/89.0.4389.114 Safari/537.36
IP: 192.168.10.1
  
[2021-04-11 18:14:52] local.WARNING: Symfony\Component\HttpKernel\Exception\NotFoundHttpException in [GET] http://projeto.test/uploads/users/ecz1yqjat3.png:999999
Method: GET
File: /home/vagrant/Projetos/projeto_base/vendor/laravel/framework/src/Illuminate/Routing/RouteCollection.php
Line: 161
User-Agent: Mozilla/5.0 (Windows NT 10.0; Win64; x64) AppleWebKit/537.36 (KHTML, like Gecko) Chrome/89.0.4389.114 Safari/537.36
IP: 192.168.10.1
  
[2021-04-11 18:14:54] local.WARNING: Symfony\Component\HttpKernel\Exception\NotFoundHttpException in [GET] http://projeto.test/uploads/users/ecz1yqjat3.png:999999
Method: GET
File: /home/vagrant/Projetos/projeto_base/vendor/laravel/framework/src/Illuminate/Routing/RouteCollection.php
Line: 161
User-Agent: Mozilla/5.0 (Windows NT 10.0; Win64; x64) AppleWebKit/537.36 (KHTML, like Gecko) Chrome/89.0.4389.114 Safari/537.36
IP: 192.168.10.1
  
[2021-04-11 18:14:54] local.WARNING: Symfony\Component\HttpKernel\Exception\NotFoundHttpException in [GET] http://projeto.test/assets/img/logo/logo_square_xs.png:999999
Method: GET
File: /home/vagrant/Projetos/projeto_base/vendor/laravel/framework/src/Illuminate/Routing/RouteCollection.php
Line: 161
User-Agent: Mozilla/5.0 (Windows NT 10.0; Win64; x64) AppleWebKit/537.36 (KHTML, like Gecko) Chrome/89.0.4389.114 Safari/537.36
IP: 192.168.10.1
  
[2021-04-11 18:14:54] local.WARNING: Symfony\Component\HttpKernel\Exception\NotFoundHttpException in [GET] http://projeto.test/assets/img/logo/logo_white_xs.png:999999
Method: GET
File: /home/vagrant/Projetos/projeto_base/vendor/laravel/framework/src/Illuminate/Routing/RouteCollection.php
Line: 161
User-Agent: Mozilla/5.0 (Windows NT 10.0; Win64; x64) AppleWebKit/537.36 (KHTML, like Gecko) Chrome/89.0.4389.114 Safari/537.36
IP: 192.168.10.1
  
[2021-04-11 18:44:48] local.WARNING: Symfony\Component\HttpKernel\Exception\NotFoundHttpException in [GET] http://projeto.test/uploads/users/ecz1yqjat3.png:999999
Method: GET
File: /home/vagrant/Projetos/projeto_base/vendor/laravel/framework/src/Illuminate/Routing/RouteCollection.php
Line: 161
User-Agent: Mozilla/5.0 (Windows NT 10.0; Win64; x64) AppleWebKit/537.36 (KHTML, like Gecko) Chrome/89.0.4389.114 Safari/537.36
IP: 192.168.10.1
  
[2021-04-11 18:44:48] local.WARNING: Symfony\Component\HttpKernel\Exception\NotFoundHttpException in [GET] http://projeto.test/assets/img/logo/logo_white_xs.png:999999
Method: GET
File: /home/vagrant/Projetos/projeto_base/vendor/laravel/framework/src/Illuminate/Routing/RouteCollection.php
Line: 161
User-Agent: Mozilla/5.0 (Windows NT 10.0; Win64; x64) AppleWebKit/537.36 (KHTML, like Gecko) Chrome/89.0.4389.114 Safari/537.36
IP: 192.168.10.1
  
[2021-04-11 18:44:48] local.WARNING: Symfony\Component\HttpKernel\Exception\NotFoundHttpException in [GET] http://projeto.test/assets/img/logo/logo_square_xs.png:999999
Method: GET
File: /home/vagrant/Projetos/projeto_base/vendor/laravel/framework/src/Illuminate/Routing/RouteCollection.php
Line: 161
User-Agent: Mozilla/5.0 (Windows NT 10.0; Win64; x64) AppleWebKit/537.36 (KHTML, like Gecko) Chrome/89.0.4389.114 Safari/537.36
IP: 192.168.10.1
  
