[2021-09-05 02:04:24] local.WARNING: Symfony\Component\Debug\Exception\FatalThrowableError: Class 'App\Http\Controllers\Admin\Seller' not found in [GET] http://projeto.test/admin/orders/937/edit:999999
Method: GET
User ID: 1
File: /home/vagrant/Projetos/ProjetoEstagio/projeto/app/Http/Controllers/Admin/OrdersController.php
Line: 94
User-Agent: Mozilla/5.0 (Windows NT 10.0; Win64; x64) AppleWebKit/537.36 (KHTML, like Gecko) Chrome/93.0.4577.63 Safari/537.36
IP: 192.168.10.1
  
[2021-09-05 02:04:24] local.ERROR: Symfony\Component\Debug\Exception\FatalThrowableError: Class 'App\Http\Controllers\Admin\Seller' not found in /home/vagrant/Projetos/ProjetoEstagio/projeto/app/Http/Controllers/Admin/OrdersController.php:94
Stack trace:
#0 [internal function]: App\Http\Controllers\Admin\OrdersController->edit('937')
#1 /home/vagrant/Projetos/ProjetoEstagio/projeto/app/Http/Controllers/Admin/Controller.php(52): call_user_func_array(Array, Array)
#2 /home/vagrant/Projetos/ProjetoEstagio/projeto/vendor/laravel/framework/src/Illuminate/Routing/ControllerDispatcher.php(44): App\Http\Controllers\Admin\Controller->callAction('edit', Array)
#3 /home/vagrant/Projetos/ProjetoEstagio/projeto/vendor/laravel/framework/src/Illuminate/Routing/Route.php(189): Illuminate\Routing\ControllerDispatcher->dispatch(Object(Illuminate\Routing\Route), Object(App\Http\Controllers\Admin\OrdersController), 'edit')
#4 /home/vagrant/Projetos/ProjetoEstagio/projeto/vendor/laravel/framework/src/Illuminate/Routing/Route.php(144): Illuminate\Routing\Route->runController()
#5 /home/vagrant/Projetos/ProjetoEstagio/projeto/vendor/laravel/framework/src/Illuminate/Routing/Router.php(653): Illuminate\Routing\Route->run(Object(Illuminate\Http\Request))
#6 /home/vagrant/Projetos/ProjetoEstagio/projeto/vendor/laravel/framework/src/Illuminate/Routing/Pipeline.php(53): Illuminate\Routing\Router->Illuminate\Routing\{closure}(Object(Illuminate\Http\Request))
#7 /home/vagrant/Projetos/ProjetoEstagio/projeto/app/Http/Middleware/AdminAuthenticate.php(32): Illuminate\Routing\Pipeline->Illuminate\Routing\{closure}(Object(Illuminate\Http\Request))
#8 /home/vagrant/Projetos/ProjetoEstagio/projeto/vendor/laravel/framework/src/Illuminate/Pipeline/Pipeline.php(137): App\Http\Middleware\AdminAuthenticate->handle(Object(Illuminate\Http\Request), Object(Closure))
#9 /home/vagrant/Projetos/ProjetoEstagio/projeto/vendor/laravel/framework/src/Illuminate/Routing/Pipeline.php(33): Illuminate\Pipeline\Pipeline->Illuminate\Pipeline\{closure}(Object(Illuminate\Http\Request))
#10 /home/vagrant/Projetos/ProjetoEstagio/projeto/vendor/laravel/framework/src/Illuminate/Routing/Middleware/SubstituteBindings.php(41): Illuminate\Routing\Pipeline->Illuminate\Routing\{closure}(Object(Illuminate\Http\Request))
#11 /home/vagrant/Projetos/ProjetoEstagio/projeto/vendor/laravel/framework/src/Illuminate/Pipeline/Pipeline.php(137): Illuminate\Routing\Middleware\SubstituteBindings->handle(Object(Illuminate\Http\Request), Object(Closure))
#12 /home/vagrant/Projetos/ProjetoEstagio/projeto/vendor/laravel/framework/src/Illuminate/Routing/Pipeline.php(33): Illuminate\Pipeline\Pipeline->Illuminate\Pipeline\{closure}(Object(Illuminate\Http\Request))
#13 /home/vagrant/Projetos/ProjetoEstagio/projeto/vendor/laravel/framework/src/Illuminate/Foundation/Http/Middleware/VerifyCsrfToken.php(65): Illuminate\Routing\Pipeline->Illuminate\Routing\{closure}(Object(Illuminate\Http\Request))
#14 /home/vagrant/Projetos/ProjetoEstagio/projeto/vendor/laravel/framework/src/Illuminate/Pipeline/Pipeline.php(137): Illuminate\Foundation\Http\Middleware\VerifyCsrfToken->handle(Object(Illuminate\Http\Request), Object(Closure))
#15 /home/vagrant/Projetos/ProjetoEstagio/projeto/vendor/laravel/framework/src/Illuminate/Routing/Pipeline.php(33): Illuminate\Pipeline\Pipeline->Illuminate\Pipeline\{closure}(Object(Illuminate\Http\Request))
#16 /home/vagrant/Projetos/ProjetoEstagio/projeto/vendor/laravel/framework/src/Illuminate/View/Middleware/ShareErrorsFromSession.php(49): Illuminate\Routing\Pipeline->Illuminate\Routing\{closure}(Object(Illuminate\Http\Request))
#17 /home/vagrant/Projetos/ProjetoEstagio/projeto/vendor/laravel/framework/src/Illuminate/Pipeline/Pipeline.php(137): Illuminate\View\Middleware\ShareErrorsFromSession->handle(Object(Illuminate\Http\Request), Object(Closure))
#18 /home/vagrant/Projetos/ProjetoEstagio/projeto/vendor/laravel/framework/src/Illuminate/Routing/Pipeline.php(33): Illuminate\Pipeline\Pipeline->Illuminate\Pipeline\{closure}(Object(Illuminate\Http\Request))
#19 /home/vagrant/Projetos/ProjetoEstagio/projeto/vendor/laravel/framework/src/Illuminate/Session/Middleware/StartSession.php(64): Illuminate\Routing\Pipeline->Illuminate\Routing\{closure}(Object(Illuminate\Http\Request))
#20 /home/vagrant/Projetos/ProjetoEstagio/projeto/vendor/laravel/framework/src/Illuminate/Pipeline/Pipeline.php(137): Illuminate\Session\Middleware\StartSession->handle(Object(Illuminate\Http\Request), Object(Closure))
#21 /home/vagrant/Projetos/ProjetoEstagio/projeto/vendor/laravel/framework/src/Illuminate/Routing/Pipeline.php(33): Illuminate\Pipeline\Pipeline->Illuminate\Pipeline\{closure}(Object(Illuminate\Http\Request))
#22 /home/vagrant/Projetos/ProjetoEstagio/projeto/vendor/laravel/framework/src/Illuminate/Cookie/Middleware/AddQueuedCookiesToResponse.php(37): Illuminate\Routing\Pipeline->Illuminate\Routing\{closure}(Object(Illuminate\Http\Request))
#23 /home/vagrant/Projetos/ProjetoEstagio/projeto/vendor/laravel/framework/src/Illuminate/Pipeline/Pipeline.php(137): Illuminate\Cookie\Middleware\AddQueuedCookiesToResponse->handle(Object(Illuminate\Http\Request), Object(Closure))
#24 /home/vagrant/Projetos/ProjetoEstagio/projeto/vendor/laravel/framework/src/Illuminate/Routing/Pipeline.php(33): Illuminate\Pipeline\Pipeline->Illuminate\Pipeline\{closure}(Object(Illuminate\Http\Request))
#25 /home/vagrant/Projetos/ProjetoEstagio/projeto/vendor/laravel/framework/src/Illuminate/Cookie/Middleware/EncryptCookies.php(59): Illuminate\Routing\Pipeline->Illuminate\Routing\{closure}(Object(Illuminate\Http\Request))
#26 /home/vagrant/Projetos/ProjetoEstagio/projeto/vendor/laravel/framework/src/Illuminate/Pipeline/Pipeline.php(137): Illuminate\Cookie\Middleware\EncryptCookies->handle(Object(Illuminate\Http\Request), Object(Closure))
#27 /home/vagrant/Projetos/ProjetoEstagio/projeto/vendor/laravel/framework/src/Illuminate/Routing/Pipeline.php(33): Illuminate\Pipeline\Pipeline->Illuminate\Pipeline\{closure}(Object(Illuminate\Http\Request))
#28 /home/vagrant/Projetos/ProjetoEstagio/projeto/vendor/laravel/framework/src/Illuminate/Pipeline/Pipeline.php(104): Illuminate\Routing\Pipeline->Illuminate\Routing\{closure}(Object(Illuminate\Http\Request))
#29 /home/vagrant/Projetos/ProjetoEstagio/projeto/vendor/laravel/framework/src/Illuminate/Routing/Router.php(655): Illuminate\Pipeline\Pipeline->then(Object(Closure))
#30 /home/vagrant/Projetos/ProjetoEstagio/projeto/vendor/laravel/framework/src/Illuminate/Routing/Router.php(629): Illuminate\Routing\Router->runRouteWithinStack(Object(Illuminate\Routing\Route), Object(Illuminate\Http\Request))
#31 /home/vagrant/Projetos/ProjetoEstagio/projeto/vendor/laravel/framework/src/Illuminate/Routing/Router.php(607): Illuminate\Routing\Router->dispatchToRoute(Object(Illuminate\Http\Request))
#32 /home/vagrant/Projetos/ProjetoEstagio/projeto/vendor/laravel/framework/src/Illuminate/Foundation/Http/Kernel.php(268): Illuminate\Routing\Router->dispatch(Object(Illuminate\Http\Request))
#33 /home/vagrant/Projetos/ProjetoEstagio/projeto/vendor/laravel/framework/src/Illuminate/Routing/Pipeline.php(53): Illuminate\Foundation\Http\Kernel->Illuminate\Foundation\Http\{closure}(Object(Illuminate\Http\Request))
#34 /home/vagrant/Projetos/ProjetoEstagio/projeto/vendor/barryvdh/laravel-debugbar/src/Middleware/Debugbar.php(51): Illuminate\Routing\Pipeline->Illuminate\Routing\{closure}(Object(Illuminate\Http\Request))
#35 /home/vagrant/Projetos/ProjetoEstagio/projeto/vendor/laravel/framework/src/Illuminate/Pipeline/Pipeline.php(137): Barryvdh\Debugbar\Middleware\Debugbar->handle(Object(Illuminate\Http\Request), Object(Closure))
#36 /home/vagrant/Projetos/ProjetoEstagio/projeto/vendor/laravel/framework/src/Illuminate/Routing/Pipeline.php(33): Illuminate\Pipeline\Pipeline->Illuminate\Pipeline\{closure}(Object(Illuminate\Http\Request))
#37 /home/vagrant/Projetos/ProjetoEstagio/projeto/app/Http/Middleware/CheckForMaintenanceMode.php(48): Illuminate\Routing\Pipeline->Illuminate\Routing\{closure}(Object(Illuminate\Http\Request))
#38 /home/vagrant/Projetos/ProjetoEstagio/projeto/vendor/laravel/framework/src/Illuminate/Pipeline/Pipeline.php(137): App\Http\Middleware\CheckForMaintenanceMode->handle(Object(Illuminate\Http\Request), Object(Closure))
#39 /home/vagrant/Projetos/ProjetoEstagio/projeto/vendor/laravel/framework/src/Illuminate/Routing/Pipeline.php(33): Illuminate\Pipeline\Pipeline->Illuminate\Pipeline\{closure}(Object(Illuminate\Http\Request))
#40 /home/vagrant/Projetos/ProjetoEstagio/projeto/vendor/laravel/framework/src/Illuminate/Pipeline/Pipeline.php(104): Illuminate\Routing\Pipeline->Illuminate\Routing\{closure}(Object(Illuminate\Http\Request))
#41 /home/vagrant/Projetos/ProjetoEstagio/projeto/vendor/laravel/framework/src/Illuminate/Foundation/Http/Kernel.php(150): Illuminate\Pipeline\Pipeline->then(Object(Closure))
#42 /home/vagrant/Projetos/ProjetoEstagio/projeto/vendor/laravel/framework/src/Illuminate/Foundation/Http/Kernel.php(117): Illuminate\Foundation\Http\Kernel->sendRequestThroughRouter(Object(Illuminate\Http\Request))
#43 /home/vagrant/Projetos/ProjetoEstagio/projeto/public/index.php(53): Illuminate\Foundation\Http\Kernel->handle(Object(Illuminate\Http\Request))
#44 {main}  
