[2021-08-21 01:32:07] local.WARNING: Symfony\Component\HttpKernel\Exception\NotFoundHttpException in [GET] https://projeto.test:999999
Method: GET
File: /home/vagrant/Projetos/ProjetoEstagio/projeto/vendor/laravel/framework/src/Illuminate/Routing/RouteCollection.php
Line: 161
User-Agent: Mozilla/5.0 (Windows NT 10.0; Win64; x64) AppleWebKit/537.36 (KHTML, like Gecko) Chrome/92.0.4515.159 Safari/537.36
IP: 192.168.10.1
  
[2021-08-21 01:32:08] local.WARNING: Symfony\Component\HttpKernel\Exception\NotFoundHttpException in [GET] https://projeto.test/assets/img/logo/logo_sm.png:999999
Method: GET
File: /home/vagrant/Projetos/ProjetoEstagio/projeto/vendor/laravel/framework/src/Illuminate/Routing/RouteCollection.php
Line: 161
User-Agent: Mozilla/5.0 (Windows NT 10.0; Win64; x64) AppleWebKit/537.36 (KHTML, like Gecko) Chrome/92.0.4515.159 Safari/537.36
IP: 192.168.10.1
  
[2021-08-21 01:32:23] local.WARNING: ErrorException: Undefined variable: countCustomerToSellerRating (View: /home/vagrant/Projetos/ProjetoEstagio/projeto/resources/views/customer/sellers/showSeller.blade.php) in [GET] https://projeto.test/store/bdfsfdfdsfsdfsdfsdfsdfsdfsddf:999999
Method: GET
User ID: 1
File: /home/vagrant/Projetos/ProjetoEstagio/projeto/storage/framework/views/23b80ef12703c514066672275e190e7451af6a02.php
Line: 63
User-Agent: Mozilla/5.0 (Windows NT 10.0; Win64; x64) AppleWebKit/537.36 (KHTML, like Gecko) Chrome/92.0.4515.159 Safari/537.36
IP: 192.168.10.1
  
[2021-08-21 01:32:23] local.ERROR: ErrorException: Undefined variable: countCustomerToSellerRating in /home/vagrant/Projetos/ProjetoEstagio/projeto/storage/framework/views/23b80ef12703c514066672275e190e7451af6a02.php:63
Stack trace:
#0 /home/vagrant/Projetos/ProjetoEstagio/projeto/storage/framework/views/23b80ef12703c514066672275e190e7451af6a02.php(63): Illuminate\Foundation\Bootstrap\HandleExceptions->handleError(8, 'Undefined varia...', '/home/vagrant/P...', 63, Array)
#1 /home/vagrant/Projetos/ProjetoEstagio/projeto/vendor/laravel/framework/src/Illuminate/View/Engines/PhpEngine.php(42): include('/home/vagrant/P...')
#2 /home/vagrant/Projetos/ProjetoEstagio/projeto/vendor/laravel/framework/src/Illuminate/View/Engines/CompilerEngine.php(59): Illuminate\View\Engines\PhpEngine->evaluatePath('/home/vagrant/P...', Array)
#3 /home/vagrant/Projetos/ProjetoEstagio/projeto/vendor/laravel/framework/src/Illuminate/View/View.php(149): Illuminate\View\Engines\CompilerEngine->get('/home/vagrant/P...', Array)
#4 /home/vagrant/Projetos/ProjetoEstagio/projeto/vendor/laravel/framework/src/Illuminate/View/View.php(120): Illuminate\View\View->getContents()
#5 /home/vagrant/Projetos/ProjetoEstagio/projeto/vendor/laravel/framework/src/Illuminate/View/View.php(85): Illuminate\View\View->renderContents()
#6 /home/vagrant/Projetos/ProjetoEstagio/projeto/vendor/laravel/framework/src/Illuminate/Http/Response.php(45): Illuminate\View\View->render()
#7 /home/vagrant/Projetos/ProjetoEstagio/projeto/vendor/symfony/http-foundation/Response.php(201): Illuminate\Http\Response->setContent(Object(Illuminate\View\View))
#8 /home/vagrant/Projetos/ProjetoEstagio/projeto/vendor/laravel/framework/src/Illuminate/Routing/Router.php(1028): Symfony\Component\HttpFoundation\Response->__construct(Object(Illuminate\View\View))
#9 /home/vagrant/Projetos/ProjetoEstagio/projeto/vendor/laravel/framework/src/Illuminate/Routing/Router.php(653): Illuminate\Routing\Router->prepareResponse(Object(Illuminate\Http\Request), Object(Illuminate\View\View))
#10 /home/vagrant/Projetos/ProjetoEstagio/projeto/vendor/laravel/framework/src/Illuminate/Routing/Pipeline.php(53): Illuminate\Routing\Router->Illuminate\Routing\{closure}(Object(Illuminate\Http\Request))
#11 /home/vagrant/Projetos/ProjetoEstagio/projeto/vendor/laravel/framework/src/Illuminate/Routing/Middleware/SubstituteBindings.php(41): Illuminate\Routing\Pipeline->Illuminate\Routing\{closure}(Object(Illuminate\Http\Request))
#12 /home/vagrant/Projetos/ProjetoEstagio/projeto/vendor/laravel/framework/src/Illuminate/Pipeline/Pipeline.php(137): Illuminate\Routing\Middleware\SubstituteBindings->handle(Object(Illuminate\Http\Request), Object(Closure))
#13 /home/vagrant/Projetos/ProjetoEstagio/projeto/vendor/laravel/framework/src/Illuminate/Routing/Pipeline.php(33): Illuminate\Pipeline\Pipeline->Illuminate\Pipeline\{closure}(Object(Illuminate\Http\Request))
#14 /home/vagrant/Projetos/ProjetoEstagio/projeto/vendor/laravel/framework/src/Illuminate/Foundation/Http/Middleware/VerifyCsrfToken.php(65): Illuminate\Routing\Pipeline->Illuminate\Routing\{closure}(Object(Illuminate\Http\Request))
#15 /home/vagrant/Projetos/ProjetoEstagio/projeto/vendor/laravel/framework/src/Illuminate/Pipeline/Pipeline.php(137): Illuminate\Foundation\Http\Middleware\VerifyCsrfToken->handle(Object(Illuminate\Http\Request), Object(Closure))
#16 /home/vagrant/Projetos/ProjetoEstagio/projeto/vendor/laravel/framework/src/Illuminate/Routing/Pipeline.php(33): Illuminate\Pipeline\Pipeline->Illuminate\Pipeline\{closure}(Object(Illuminate\Http\Request))
#17 /home/vagrant/Projetos/ProjetoEstagio/projeto/vendor/laravel/framework/src/Illuminate/View/Middleware/ShareErrorsFromSession.php(49): Illuminate\Routing\Pipeline->Illuminate\Routing\{closure}(Object(Illuminate\Http\Request))
#18 /home/vagrant/Projetos/ProjetoEstagio/projeto/vendor/laravel/framework/src/Illuminate/Pipeline/Pipeline.php(137): Illuminate\View\Middleware\ShareErrorsFromSession->handle(Object(Illuminate\Http\Request), Object(Closure))
#19 /home/vagrant/Projetos/ProjetoEstagio/projeto/vendor/laravel/framework/src/Illuminate/Routing/Pipeline.php(33): Illuminate\Pipeline\Pipeline->Illuminate\Pipeline\{closure}(Object(Illuminate\Http\Request))
#20 /home/vagrant/Projetos/ProjetoEstagio/projeto/vendor/laravel/framework/src/Illuminate/Session/Middleware/StartSession.php(64): Illuminate\Routing\Pipeline->Illuminate\Routing\{closure}(Object(Illuminate\Http\Request))
#21 /home/vagrant/Projetos/ProjetoEstagio/projeto/vendor/laravel/framework/src/Illuminate/Pipeline/Pipeline.php(137): Illuminate\Session\Middleware\StartSession->handle(Object(Illuminate\Http\Request), Object(Closure))
#22 /home/vagrant/Projetos/ProjetoEstagio/projeto/vendor/laravel/framework/src/Illuminate/Routing/Pipeline.php(33): Illuminate\Pipeline\Pipeline->Illuminate\Pipeline\{closure}(Object(Illuminate\Http\Request))
#23 /home/vagrant/Projetos/ProjetoEstagio/projeto/vendor/laravel/framework/src/Illuminate/Cookie/Middleware/AddQueuedCookiesToResponse.php(37): Illuminate\Routing\Pipeline->Illuminate\Routing\{closure}(Object(Illuminate\Http\Request))
#24 /home/vagrant/Projetos/ProjetoEstagio/projeto/vendor/laravel/framework/src/Illuminate/Pipeline/Pipeline.php(137): Illuminate\Cookie\Middleware\AddQueuedCookiesToResponse->handle(Object(Illuminate\Http\Request), Object(Closure))
#25 /home/vagrant/Projetos/ProjetoEstagio/projeto/vendor/laravel/framework/src/Illuminate/Routing/Pipeline.php(33): Illuminate\Pipeline\Pipeline->Illuminate\Pipeline\{closure}(Object(Illuminate\Http\Request))
#26 /home/vagrant/Projetos/ProjetoEstagio/projeto/vendor/laravel/framework/src/Illuminate/Cookie/Middleware/EncryptCookies.php(59): Illuminate\Routing\Pipeline->Illuminate\Routing\{closure}(Object(Illuminate\Http\Request))
#27 /home/vagrant/Projetos/ProjetoEstagio/projeto/vendor/laravel/framework/src/Illuminate/Pipeline/Pipeline.php(137): Illuminate\Cookie\Middleware\EncryptCookies->handle(Object(Illuminate\Http\Request), Object(Closure))
#28 /home/vagrant/Projetos/ProjetoEstagio/projeto/vendor/laravel/framework/src/Illuminate/Routing/Pipeline.php(33): Illuminate\Pipeline\Pipeline->Illuminate\Pipeline\{closure}(Object(Illuminate\Http\Request))
#29 /home/vagrant/Projetos/ProjetoEstagio/projeto/vendor/laravel/framework/src/Illuminate/Pipeline/Pipeline.php(104): Illuminate\Routing\Pipeline->Illuminate\Routing\{closure}(Object(Illuminate\Http\Request))
#30 /home/vagrant/Projetos/ProjetoEstagio/projeto/vendor/laravel/framework/src/Illuminate/Routing/Router.php(655): Illuminate\Pipeline\Pipeline->then(Object(Closure))
#31 /home/vagrant/Projetos/ProjetoEstagio/projeto/vendor/laravel/framework/src/Illuminate/Routing/Router.php(629): Illuminate\Routing\Router->runRouteWithinStack(Object(Illuminate\Routing\Route), Object(Illuminate\Http\Request))
#32 /home/vagrant/Projetos/ProjetoEstagio/projeto/vendor/laravel/framework/src/Illuminate/Routing/Router.php(607): Illuminate\Routing\Router->dispatchToRoute(Object(Illuminate\Http\Request))
#33 /home/vagrant/Projetos/ProjetoEstagio/projeto/vendor/laravel/framework/src/Illuminate/Foundation/Http/Kernel.php(268): Illuminate\Routing\Router->dispatch(Object(Illuminate\Http\Request))
#34 /home/vagrant/Projetos/ProjetoEstagio/projeto/vendor/laravel/framework/src/Illuminate/Routing/Pipeline.php(53): Illuminate\Foundation\Http\Kernel->Illuminate\Foundation\Http\{closure}(Object(Illuminate\Http\Request))
#35 /home/vagrant/Projetos/ProjetoEstagio/projeto/vendor/barryvdh/laravel-debugbar/src/Middleware/Debugbar.php(51): Illuminate\Routing\Pipeline->Illuminate\Routing\{closure}(Object(Illuminate\Http\Request))
#36 /home/vagrant/Projetos/ProjetoEstagio/projeto/vendor/laravel/framework/src/Illuminate/Pipeline/Pipeline.php(137): Barryvdh\Debugbar\Middleware\Debugbar->handle(Object(Illuminate\Http\Request), Object(Closure))
#37 /home/vagrant/Projetos/ProjetoEstagio/projeto/vendor/laravel/framework/src/Illuminate/Routing/Pipeline.php(33): Illuminate\Pipeline\Pipeline->Illuminate\Pipeline\{closure}(Object(Illuminate\Http\Request))
#38 /home/vagrant/Projetos/ProjetoEstagio/projeto/app/Http/Middleware/CheckForMaintenanceMode.php(48): Illuminate\Routing\Pipeline->Illuminate\Routing\{closure}(Object(Illuminate\Http\Request))
#39 /home/vagrant/Projetos/ProjetoEstagio/projeto/vendor/laravel/framework/src/Illuminate/Pipeline/Pipeline.php(137): App\Http\Middleware\CheckForMaintenanceMode->handle(Object(Illuminate\Http\Request), Object(Closure))
#40 /home/vagrant/Projetos/ProjetoEstagio/projeto/vendor/laravel/framework/src/Illuminate/Routing/Pipeline.php(33): Illuminate\Pipeline\Pipeline->Illuminate\Pipeline\{closure}(Object(Illuminate\Http\Request))
#41 /home/vagrant/Projetos/ProjetoEstagio/projeto/vendor/laravel/framework/src/Illuminate/Pipeline/Pipeline.php(104): Illuminate\Routing\Pipeline->Illuminate\Routing\{closure}(Object(Illuminate\Http\Request))
#42 /home/vagrant/Projetos/ProjetoEstagio/projeto/vendor/laravel/framework/src/Illuminate/Foundation/Http/Kernel.php(150): Illuminate\Pipeline\Pipeline->then(Object(Closure))
#43 /home/vagrant/Projetos/ProjetoEstagio/projeto/vendor/laravel/framework/src/Illuminate/Foundation/Http/Kernel.php(117): Illuminate\Foundation\Http\Kernel->sendRequestThroughRouter(Object(Illuminate\Http\Request))
#44 /home/vagrant/Projetos/ProjetoEstagio/projeto/public/index.php(53): Illuminate\Foundation\Http\Kernel->handle(Object(Illuminate\Http\Request))
#45 {main}

Next ErrorException: Undefined variable: countCustomerToSellerRating (View: /home/vagrant/Projetos/ProjetoEstagio/projeto/resources/views/customer/sellers/showSeller.blade.php) in /home/vagrant/Projetos/ProjetoEstagio/projeto/storage/framework/views/23b80ef12703c514066672275e190e7451af6a02.php:63
Stack trace:
#0 /home/vagrant/Projetos/ProjetoEstagio/projeto/vendor/laravel/framework/src/Illuminate/View/Engines/PhpEngine.php(44): Illuminate\View\Engines\CompilerEngine->handleViewException(Object(ErrorException), 1)
#1 /home/vagrant/Projetos/ProjetoEstagio/projeto/vendor/laravel/framework/src/Illuminate/View/Engines/CompilerEngine.php(59): Illuminate\View\Engines\PhpEngine->evaluatePath('/home/vagrant/P...', Array)
#2 /home/vagrant/Projetos/ProjetoEstagio/projeto/vendor/laravel/framework/src/Illuminate/View/View.php(149): Illuminate\View\Engines\CompilerEngine->get('/home/vagrant/P...', Array)
#3 /home/vagrant/Projetos/ProjetoEstagio/projeto/vendor/laravel/framework/src/Illuminate/View/View.php(120): Illuminate\View\View->getContents()
#4 /home/vagrant/Projetos/ProjetoEstagio/projeto/vendor/laravel/framework/src/Illuminate/View/View.php(85): Illuminate\View\View->renderContents()
#5 /home/vagrant/Projetos/ProjetoEstagio/projeto/vendor/laravel/framework/src/Illuminate/Http/Response.php(45): Illuminate\View\View->render()
#6 /home/vagrant/Projetos/ProjetoEstagio/projeto/vendor/symfony/http-foundation/Response.php(201): Illuminate\Http\Response->setContent(Object(Illuminate\View\View))
#7 /home/vagrant/Projetos/ProjetoEstagio/projeto/vendor/laravel/framework/src/Illuminate/Routing/Router.php(1028): Symfony\Component\HttpFoundation\Response->__construct(Object(Illuminate\View\View))
#8 /home/vagrant/Projetos/ProjetoEstagio/projeto/vendor/laravel/framework/src/Illuminate/Routing/Router.php(653): Illuminate\Routing\Router->prepareResponse(Object(Illuminate\Http\Request), Object(Illuminate\View\View))
#9 /home/vagrant/Projetos/ProjetoEstagio/projeto/vendor/laravel/framework/src/Illuminate/Routing/Pipeline.php(53): Illuminate\Routing\Router->Illuminate\Routing\{closure}(Object(Illuminate\Http\Request))
#10 /home/vagrant/Projetos/ProjetoEstagio/projeto/vendor/laravel/framework/src/Illuminate/Routing/Middleware/SubstituteBindings.php(41): Illuminate\Routing\Pipeline->Illuminate\Routing\{closure}(Object(Illuminate\Http\Request))
#11 /home/vagrant/Projetos/ProjetoEstagio/projeto/vendor/laravel/framework/src/Illuminate/Pipeline/Pipeline.php(137): Illuminate\Routing\Middleware\SubstituteBindings->handle(Object(Illuminate\Http\Request), Object(Closure))
#12 /home/vagrant/Projetos/ProjetoEstagio/projeto/vendor/laravel/framework/src/Illuminate/Routing/Pipeline.php(33): Illuminate\Pipeline\Pipeline->Illuminate\Pipeline\{closure}(Object(Illuminate\Http\Request))
#13 /home/vagrant/Projetos/ProjetoEstagio/projeto/vendor/laravel/framework/src/Illuminate/Foundation/Http/Middleware/VerifyCsrfToken.php(65): Illuminate\Routing\Pipeline->Illuminate\Routing\{closure}(Object(Illuminate\Http\Request))
#14 /home/vagrant/Projetos/ProjetoEstagio/projeto/vendor/laravel/framework/src/Illuminate/Pipeline/Pipeline.php(137): Illuminate\Foundation\Http\Middleware\VerifyCsrfToken->handle(Object(Illuminate\Http\Request), Object(Closure))
#15 /home/vagrant/Projetos/ProjetoEstagio/projeto/vendor/laravel/framework/src/Illuminate/Routing/Pipeline.php(33): Illuminate\Pipeline\Pipeline->Illuminate\Pipeline\{closure}(Object(Illuminate\Http\Request))
#16 /home/vagrant/Projetos/ProjetoEstagio/projeto/vendor/laravel/framework/src/Illuminate/View/Middleware/ShareErrorsFromSession.php(49): Illuminate\Routing\Pipeline->Illuminate\Routing\{closure}(Object(Illuminate\Http\Request))
#17 /home/vagrant/Projetos/ProjetoEstagio/projeto/vendor/laravel/framework/src/Illuminate/Pipeline/Pipeline.php(137): Illuminate\View\Middleware\ShareErrorsFromSession->handle(Object(Illuminate\Http\Request), Object(Closure))
#18 /home/vagrant/Projetos/ProjetoEstagio/projeto/vendor/laravel/framework/src/Illuminate/Routing/Pipeline.php(33): Illuminate\Pipeline\Pipeline->Illuminate\Pipeline\{closure}(Object(Illuminate\Http\Request))
#19 /home/vagrant/Projetos/ProjetoEstagio/projeto/vendor/laravel/framework/src/Illuminate/Session/Middleware/StartSession.php(64): Illuminate\Routing\Pipeline->Illuminate\Routing\{closure}(Object(Illuminate\Http\Request))
#20 /home/vagrant/Projetos/ProjetoEstagio/projeto/vendor/laravel/framework/src/Illuminate/Pipeline/Pipeline.php(137): Illuminate\Session\Middleware\StartSession->handle(Object(Illuminate\Http\Request), Object(Closure))
#21 /home/vagrant/Projetos/ProjetoEstagio/projeto/vendor/laravel/framework/src/Illuminate/Routing/Pipeline.php(33): Illuminate\Pipeline\Pipeline->Illuminate\Pipeline\{closure}(Object(Illuminate\Http\Request))
#22 /home/vagrant/Projetos/ProjetoEstagio/projeto/vendor/laravel/framework/src/Illuminate/Cookie/Middleware/AddQueuedCookiesToResponse.php(37): Illuminate\Routing\Pipeline->Illuminate\Routing\{closure}(Object(Illuminate\Http\Request))
#23 /home/vagrant/Projetos/ProjetoEstagio/projeto/vendor/laravel/framework/src/Illuminate/Pipeline/Pipeline.php(137): Illuminate\Cookie\Middleware\AddQueuedCookiesToResponse->handle(Object(Illuminate\Http\Request), Object(Closure))
#24 /home/vagrant/Projetos/ProjetoEstagio/projeto/vendor/laravel/framework/src/Illuminate/Routing/Pipeline.php(33): Illuminate\Pipeline\Pipeline->Illuminate\Pipeline\{closure}(Object(Illuminate\Http\Request))
#25 /home/vagrant/Projetos/ProjetoEstagio/projeto/vendor/laravel/framework/src/Illuminate/Cookie/Middleware/EncryptCookies.php(59): Illuminate\Routing\Pipeline->Illuminate\Routing\{closure}(Object(Illuminate\Http\Request))
#26 /home/vagrant/Projetos/ProjetoEstagio/projeto/vendor/laravel/framework/src/Illuminate/Pipeline/Pipeline.php(137): Illuminate\Cookie\Middleware\EncryptCookies->handle(Object(Illuminate\Http\Request), Object(Closure))
#27 /home/vagrant/Projetos/ProjetoEstagio/projeto/vendor/laravel/framework/src/Illuminate/Routing/Pipeline.php(33): Illuminate\Pipeline\Pipeline->Illuminate\Pipeline\{closure}(Object(Illuminate\Http\Request))
#28 /home/vagrant/Projetos/ProjetoEstagio/projeto/vendor/laravel/framework/src/Illuminate/Pipeline/Pipeline.php(104): Illuminate\Routing\Pipeline->Illuminate\Routing\{closure}(Object(Illuminate\Http\Request))
#29 /home/vagrant/Projetos/ProjetoEstagio/projeto/vendor/laravel/framework/src/Illuminate/Routing/Router.php(655): Illuminate\Pipeline\Pipeline->then(Object(Closure))
#30 /home/vagrant/Projetos/ProjetoEstagio/projeto/vendor/laravel/framework/src/Illuminate/Routing/Router.php(629): Illuminate\Routing\Router->runRouteWithinStack(Object(Illuminate\Routing\Route), Object(Illuminate\Http\Request))
#31 /home/vagrant/Projetos/ProjetoEstagio/projeto/vendor/laravel/framework/src/Illuminate/Routing/Router.php(607): Illuminate\Routing\Router->dispatchToRoute(Object(Illuminate\Http\Request))
#32 /home/vagrant/Projetos/ProjetoEstagio/projeto/vendor/laravel/framework/src/Illuminate/Foundation/Http/Kernel.php(268): Illuminate\Routing\Router->dispatch(Object(Illuminate\Http\Request))
#33 /home/vagrant/Projetos/ProjetoEstagio/projeto/vendor/laravel/framework/src/Illuminate/Routing/Pipeline.php(53): Illuminate\Foundation\Http\Kernel->Illuminate\Foundation\Http\{closure}(Object(Illuminate\Http\Request))
#34 /home/vagrant/Projetos/ProjetoEstagio/projeto/vendor/barryvdh/laravel-debugbar/src/Middleware/Debugbar.php(51): Illuminate\Routing\Pipeline->Illuminate\Routing\{closure}(Object(Illuminate\Http\Request))
#35 /home/vagrant/Projetos/ProjetoEstagio/projeto/vendor/laravel/framework/src/Illuminate/Pipeline/Pipeline.php(137): Barryvdh\Debugbar\Middleware\Debugbar->handle(Object(Illuminate\Http\Request), Object(Closure))
#36 /home/vagrant/Projetos/ProjetoEstagio/projeto/vendor/laravel/framework/src/Illuminate/Routing/Pipeline.php(33): Illuminate\Pipeline\Pipeline->Illuminate\Pipeline\{closure}(Object(Illuminate\Http\Request))
#37 /home/vagrant/Projetos/ProjetoEstagio/projeto/app/Http/Middleware/CheckForMaintenanceMode.php(48): Illuminate\Routing\Pipeline->Illuminate\Routing\{closure}(Object(Illuminate\Http\Request))
#38 /home/vagrant/Projetos/ProjetoEstagio/projeto/vendor/laravel/framework/src/Illuminate/Pipeline/Pipeline.php(137): App\Http\Middleware\CheckForMaintenanceMode->handle(Object(Illuminate\Http\Request), Object(Closure))
#39 /home/vagrant/Projetos/ProjetoEstagio/projeto/vendor/laravel/framework/src/Illuminate/Routing/Pipeline.php(33): Illuminate\Pipeline\Pipeline->Illuminate\Pipeline\{closure}(Object(Illuminate\Http\Request))
#40 /home/vagrant/Projetos/ProjetoEstagio/projeto/vendor/laravel/framework/src/Illuminate/Pipeline/Pipeline.php(104): Illuminate\Routing\Pipeline->Illuminate\Routing\{closure}(Object(Illuminate\Http\Request))
#41 /home/vagrant/Projetos/ProjetoEstagio/projeto/vendor/laravel/framework/src/Illuminate/Foundation/Http/Kernel.php(150): Illuminate\Pipeline\Pipeline->then(Object(Closure))
#42 /home/vagrant/Projetos/ProjetoEstagio/projeto/vendor/laravel/framework/src/Illuminate/Foundation/Http/Kernel.php(117): Illuminate\Foundation\Http\Kernel->sendRequestThroughRouter(Object(Illuminate\Http\Request))
#43 /home/vagrant/Projetos/ProjetoEstagio/projeto/public/index.php(53): Illuminate\Foundation\Http\Kernel->handle(Object(Illuminate\Http\Request))
#44 {main}  
[2021-08-21 01:33:19] local.WARNING: Symfony\Component\HttpKernel\Exception\NotFoundHttpException in [GET] https://projeto.test/store:999999
Method: GET
File: /home/vagrant/Projetos/ProjetoEstagio/projeto/vendor/laravel/framework/src/Illuminate/Routing/RouteCollection.php
Line: 161
User-Agent: Mozilla/5.0 (Windows NT 10.0; Win64; x64) AppleWebKit/537.36 (KHTML, like Gecko) Chrome/92.0.4515.159 Safari/537.36
IP: 192.168.10.1
  
[2021-08-21 01:33:19] local.WARNING: Symfony\Component\HttpKernel\Exception\NotFoundHttpException in [GET] https://projeto.test/assets/img/logo/logo_sm.png:999999
Method: GET
File: /home/vagrant/Projetos/ProjetoEstagio/projeto/vendor/laravel/framework/src/Illuminate/Routing/RouteCollection.php
Line: 161
User-Agent: Mozilla/5.0 (Windows NT 10.0; Win64; x64) AppleWebKit/537.36 (KHTML, like Gecko) Chrome/92.0.4515.159 Safari/537.36
IP: 192.168.10.1
  
[2021-08-21 15:05:59] local.WARNING: ErrorException: Undefined variable: sellerRating in [POST] https://projeto.test/sellerRating/4:999999
Method: POST
Input: {"star_4":"4"}
Customer ID: 10
File: /home/vagrant/Projetos/ProjetoEstagio/projeto/app/Http/Controllers/Customer/SellersController.php
Line: 89
User-Agent: Mozilla/5.0 (Windows NT 10.0; Win64; x64) AppleWebKit/537.36 (KHTML, like Gecko) Chrome/92.0.4515.159 Safari/537.36
IP: 192.168.10.1
  
[2021-08-21 15:05:59] local.ERROR: ErrorException: Undefined variable: sellerRating in /home/vagrant/Projetos/ProjetoEstagio/projeto/app/Http/Controllers/Customer/SellersController.php:89
Stack trace:
#0 /home/vagrant/Projetos/ProjetoEstagio/projeto/app/Http/Controllers/Customer/SellersController.php(89): Illuminate\Foundation\Bootstrap\HandleExceptions->handleError(8, 'Undefined varia...', '/home/vagrant/P...', 89, Array)
#1 [internal function]: App\Http\Controllers\Customer\SellersController->sellerRating(Object(Illuminate\Http\Request), '4')
#2 /home/vagrant/Projetos/ProjetoEstagio/projeto/app/Http/Controllers/Customer/Controller.php(52): call_user_func_array(Array, Array)
#3 /home/vagrant/Projetos/ProjetoEstagio/projeto/vendor/laravel/framework/src/Illuminate/Routing/ControllerDispatcher.php(44): App\Http\Controllers\Customer\Controller->callAction('sellerRating', Array)
#4 /home/vagrant/Projetos/ProjetoEstagio/projeto/vendor/laravel/framework/src/Illuminate/Routing/Route.php(189): Illuminate\Routing\ControllerDispatcher->dispatch(Object(Illuminate\Routing\Route), Object(App\Http\Controllers\Customer\SellersController), 'sellerRating')
#5 /home/vagrant/Projetos/ProjetoEstagio/projeto/vendor/laravel/framework/src/Illuminate/Routing/Route.php(144): Illuminate\Routing\Route->runController()
#6 /home/vagrant/Projetos/ProjetoEstagio/projeto/vendor/laravel/framework/src/Illuminate/Routing/Router.php(653): Illuminate\Routing\Route->run(Object(Illuminate\Http\Request))
#7 /home/vagrant/Projetos/ProjetoEstagio/projeto/vendor/laravel/framework/src/Illuminate/Routing/Pipeline.php(53): Illuminate\Routing\Router->Illuminate\Routing\{closure}(Object(Illuminate\Http\Request))
#8 /home/vagrant/Projetos/ProjetoEstagio/projeto/vendor/laravel/framework/src/Illuminate/Routing/Middleware/SubstituteBindings.php(41): Illuminate\Routing\Pipeline->Illuminate\Routing\{closure}(Object(Illuminate\Http\Request))
#9 /home/vagrant/Projetos/ProjetoEstagio/projeto/vendor/laravel/framework/src/Illuminate/Pipeline/Pipeline.php(137): Illuminate\Routing\Middleware\SubstituteBindings->handle(Object(Illuminate\Http\Request), Object(Closure))
#10 /home/vagrant/Projetos/ProjetoEstagio/projeto/vendor/laravel/framework/src/Illuminate/Routing/Pipeline.php(33): Illuminate\Pipeline\Pipeline->Illuminate\Pipeline\{closure}(Object(Illuminate\Http\Request))
#11 /home/vagrant/Projetos/ProjetoEstagio/projeto/vendor/laravel/framework/src/Illuminate/Foundation/Http/Middleware/VerifyCsrfToken.php(65): Illuminate\Routing\Pipeline->Illuminate\Routing\{closure}(Object(Illuminate\Http\Request))
#12 /home/vagrant/Projetos/ProjetoEstagio/projeto/vendor/laravel/framework/src/Illuminate/Pipeline/Pipeline.php(137): Illuminate\Foundation\Http\Middleware\VerifyCsrfToken->handle(Object(Illuminate\Http\Request), Object(Closure))
#13 /home/vagrant/Projetos/ProjetoEstagio/projeto/vendor/laravel/framework/src/Illuminate/Routing/Pipeline.php(33): Illuminate\Pipeline\Pipeline->Illuminate\Pipeline\{closure}(Object(Illuminate\Http\Request))
#14 /home/vagrant/Projetos/ProjetoEstagio/projeto/vendor/laravel/framework/src/Illuminate/View/Middleware/ShareErrorsFromSession.php(49): Illuminate\Routing\Pipeline->Illuminate\Routing\{closure}(Object(Illuminate\Http\Request))
#15 /home/vagrant/Projetos/ProjetoEstagio/projeto/vendor/laravel/framework/src/Illuminate/Pipeline/Pipeline.php(137): Illuminate\View\Middleware\ShareErrorsFromSession->handle(Object(Illuminate\Http\Request), Object(Closure))
#16 /home/vagrant/Projetos/ProjetoEstagio/projeto/vendor/laravel/framework/src/Illuminate/Routing/Pipeline.php(33): Illuminate\Pipeline\Pipeline->Illuminate\Pipeline\{closure}(Object(Illuminate\Http\Request))
#17 /home/vagrant/Projetos/ProjetoEstagio/projeto/vendor/laravel/framework/src/Illuminate/Session/Middleware/StartSession.php(64): Illuminate\Routing\Pipeline->Illuminate\Routing\{closure}(Object(Illuminate\Http\Request))
#18 /home/vagrant/Projetos/ProjetoEstagio/projeto/vendor/laravel/framework/src/Illuminate/Pipeline/Pipeline.php(137): Illuminate\Session\Middleware\StartSession->handle(Object(Illuminate\Http\Request), Object(Closure))
#19 /home/vagrant/Projetos/ProjetoEstagio/projeto/vendor/laravel/framework/src/Illuminate/Routing/Pipeline.php(33): Illuminate\Pipeline\Pipeline->Illuminate\Pipeline\{closure}(Object(Illuminate\Http\Request))
#20 /home/vagrant/Projetos/ProjetoEstagio/projeto/vendor/laravel/framework/src/Illuminate/Cookie/Middleware/AddQueuedCookiesToResponse.php(37): Illuminate\Routing\Pipeline->Illuminate\Routing\{closure}(Object(Illuminate\Http\Request))
#21 /home/vagrant/Projetos/ProjetoEstagio/projeto/vendor/laravel/framework/src/Illuminate/Pipeline/Pipeline.php(137): Illuminate\Cookie\Middleware\AddQueuedCookiesToResponse->handle(Object(Illuminate\Http\Request), Object(Closure))
#22 /home/vagrant/Projetos/ProjetoEstagio/projeto/vendor/laravel/framework/src/Illuminate/Routing/Pipeline.php(33): Illuminate\Pipeline\Pipeline->Illuminate\Pipeline\{closure}(Object(Illuminate\Http\Request))
#23 /home/vagrant/Projetos/ProjetoEstagio/projeto/vendor/laravel/framework/src/Illuminate/Cookie/Middleware/EncryptCookies.php(59): Illuminate\Routing\Pipeline->Illuminate\Routing\{closure}(Object(Illuminate\Http\Request))
#24 /home/vagrant/Projetos/ProjetoEstagio/projeto/vendor/laravel/framework/src/Illuminate/Pipeline/Pipeline.php(137): Illuminate\Cookie\Middleware\EncryptCookies->handle(Object(Illuminate\Http\Request), Object(Closure))
#25 /home/vagrant/Projetos/ProjetoEstagio/projeto/vendor/laravel/framework/src/Illuminate/Routing/Pipeline.php(33): Illuminate\Pipeline\Pipeline->Illuminate\Pipeline\{closure}(Object(Illuminate\Http\Request))
#26 /home/vagrant/Projetos/ProjetoEstagio/projeto/vendor/laravel/framework/src/Illuminate/Pipeline/Pipeline.php(104): Illuminate\Routing\Pipeline->Illuminate\Routing\{closure}(Object(Illuminate\Http\Request))
#27 /home/vagrant/Projetos/ProjetoEstagio/projeto/vendor/laravel/framework/src/Illuminate/Routing/Router.php(655): Illuminate\Pipeline\Pipeline->then(Object(Closure))
#28 /home/vagrant/Projetos/ProjetoEstagio/projeto/vendor/laravel/framework/src/Illuminate/Routing/Router.php(629): Illuminate\Routing\Router->runRouteWithinStack(Object(Illuminate\Routing\Route), Object(Illuminate\Http\Request))
#29 /home/vagrant/Projetos/ProjetoEstagio/projeto/vendor/laravel/framework/src/Illuminate/Routing/Router.php(607): Illuminate\Routing\Router->dispatchToRoute(Object(Illuminate\Http\Request))
#30 /home/vagrant/Projetos/ProjetoEstagio/projeto/vendor/laravel/framework/src/Illuminate/Foundation/Http/Kernel.php(268): Illuminate\Routing\Router->dispatch(Object(Illuminate\Http\Request))
#31 /home/vagrant/Projetos/ProjetoEstagio/projeto/vendor/laravel/framework/src/Illuminate/Routing/Pipeline.php(53): Illuminate\Foundation\Http\Kernel->Illuminate\Foundation\Http\{closure}(Object(Illuminate\Http\Request))
#32 /home/vagrant/Projetos/ProjetoEstagio/projeto/vendor/barryvdh/laravel-debugbar/src/Middleware/Debugbar.php(51): Illuminate\Routing\Pipeline->Illuminate\Routing\{closure}(Object(Illuminate\Http\Request))
#33 /home/vagrant/Projetos/ProjetoEstagio/projeto/vendor/laravel/framework/src/Illuminate/Pipeline/Pipeline.php(137): Barryvdh\Debugbar\Middleware\Debugbar->handle(Object(Illuminate\Http\Request), Object(Closure))
#34 /home/vagrant/Projetos/ProjetoEstagio/projeto/vendor/laravel/framework/src/Illuminate/Routing/Pipeline.php(33): Illuminate\Pipeline\Pipeline->Illuminate\Pipeline\{closure}(Object(Illuminate\Http\Request))
#35 /home/vagrant/Projetos/ProjetoEstagio/projeto/app/Http/Middleware/CheckForMaintenanceMode.php(48): Illuminate\Routing\Pipeline->Illuminate\Routing\{closure}(Object(Illuminate\Http\Request))
#36 /home/vagrant/Projetos/ProjetoEstagio/projeto/vendor/laravel/framework/src/Illuminate/Pipeline/Pipeline.php(137): App\Http\Middleware\CheckForMaintenanceMode->handle(Object(Illuminate\Http\Request), Object(Closure))
#37 /home/vagrant/Projetos/ProjetoEstagio/projeto/vendor/laravel/framework/src/Illuminate/Routing/Pipeline.php(33): Illuminate\Pipeline\Pipeline->Illuminate\Pipeline\{closure}(Object(Illuminate\Http\Request))
#38 /home/vagrant/Projetos/ProjetoEstagio/projeto/vendor/laravel/framework/src/Illuminate/Pipeline/Pipeline.php(104): Illuminate\Routing\Pipeline->Illuminate\Routing\{closure}(Object(Illuminate\Http\Request))
#39 /home/vagrant/Projetos/ProjetoEstagio/projeto/vendor/laravel/framework/src/Illuminate/Foundation/Http/Kernel.php(150): Illuminate\Pipeline\Pipeline->then(Object(Closure))
#40 /home/vagrant/Projetos/ProjetoEstagio/projeto/vendor/laravel/framework/src/Illuminate/Foundation/Http/Kernel.php(117): Illuminate\Foundation\Http\Kernel->sendRequestThroughRouter(Object(Illuminate\Http\Request))
#41 /home/vagrant/Projetos/ProjetoEstagio/projeto/public/index.php(53): Illuminate\Foundation\Http\Kernel->handle(Object(Illuminate\Http\Request))
#42 {main}  
