[2021-05-19 09:36:26] local.WARNING: Symfony\Component\HttpKernel\Exception\NotFoundHttpException in [GET] http://projeto.test/assets/admin/auth/css/bootstrap.min.css.map:999999
Method: GET
File: /home/vagrant/Projetos/ProjetoEstagio/projeto/vendor/laravel/framework/src/Illuminate/Routing/RouteCollection.php
Line: 161
User-Agent: Mozilla/5.0 (Windows NT 10.0; Win64; x64) AppleWebKit/537.36 (KHTML, like Gecko) Chrome/90.0.4430.212 Safari/537.36
IP: 192.168.10.1
  
[2021-05-19 09:36:36] local.WARNING: Symfony\Component\HttpKernel\Exception\NotFoundHttpException in [GET] http://projeto.test/assets/img/logo/logo_square_xs.png:999999
Method: GET
File: /home/vagrant/Projetos/ProjetoEstagio/projeto/vendor/laravel/framework/src/Illuminate/Routing/RouteCollection.php
Line: 161
User-Agent: Mozilla/5.0 (Windows NT 10.0; Win64; x64) AppleWebKit/537.36 (KHTML, like Gecko) Chrome/90.0.4430.212 Safari/537.36
IP: 192.168.10.1
  
[2021-05-19 09:36:37] local.WARNING: Symfony\Component\HttpKernel\Exception\NotFoundHttpException in [GET] http://projeto.test/assets/img/logo/logo_white_xs.png:999999
Method: GET
File: /home/vagrant/Projetos/ProjetoEstagio/projeto/vendor/laravel/framework/src/Illuminate/Routing/RouteCollection.php
Line: 161
User-Agent: Mozilla/5.0 (Windows NT 10.0; Win64; x64) AppleWebKit/537.36 (KHTML, like Gecko) Chrome/90.0.4430.212 Safari/537.36
IP: 192.168.10.1
  
[2021-05-19 10:03:18] local.WARNING: Symfony\Component\HttpKernel\Exception\NotFoundHttpException in [GET] http://projeto.test/assets/img/logo/logo_square_xs.png:999999
Method: GET
File: /home/vagrant/Projetos/ProjetoEstagio/projeto/vendor/laravel/framework/src/Illuminate/Routing/RouteCollection.php
Line: 161
User-Agent: Mozilla/5.0 (Windows NT 10.0; Win64; x64) AppleWebKit/537.36 (KHTML, like Gecko) Chrome/90.0.4430.212 Safari/537.36
IP: 192.168.10.1
  
[2021-05-19 10:03:18] local.WARNING: Symfony\Component\HttpKernel\Exception\NotFoundHttpException in [GET] http://projeto.test/assets/img/logo/logo_white_xs.png:999999
Method: GET
File: /home/vagrant/Projetos/ProjetoEstagio/projeto/vendor/laravel/framework/src/Illuminate/Routing/RouteCollection.php
Line: 161
User-Agent: Mozilla/5.0 (Windows NT 10.0; Win64; x64) AppleWebKit/537.36 (KHTML, like Gecko) Chrome/90.0.4430.212 Safari/537.36
IP: 192.168.10.1
  
[2021-05-19 11:18:18] local.WARNING: Symfony\Component\HttpKernel\Exception\NotFoundHttpException in [GET] http://projeto.test/assets/img/logo/logo_square_xs.png:999999
Method: GET
File: /home/vagrant/Projetos/ProjetoEstagio/projeto/vendor/laravel/framework/src/Illuminate/Routing/RouteCollection.php
Line: 161
User-Agent: Mozilla/5.0 (Windows NT 10.0; Win64; x64) AppleWebKit/537.36 (KHTML, like Gecko) Chrome/90.0.4430.212 Safari/537.36
IP: 192.168.10.1
  
[2021-05-19 11:18:18] local.WARNING: Symfony\Component\HttpKernel\Exception\NotFoundHttpException in [GET] http://projeto.test/assets/img/logo/logo_white_xs.png:999999
Method: GET
File: /home/vagrant/Projetos/ProjetoEstagio/projeto/vendor/laravel/framework/src/Illuminate/Routing/RouteCollection.php
Line: 161
User-Agent: Mozilla/5.0 (Windows NT 10.0; Win64; x64) AppleWebKit/537.36 (KHTML, like Gecko) Chrome/90.0.4430.212 Safari/537.36
IP: 192.168.10.1
  
[2021-05-19 11:35:22] local.WARNING: Symfony\Component\HttpKernel\Exception\NotFoundHttpException in [GET] http://projeto.test/assets/img/logo/logo_white_xs.png:999999
Method: GET
File: /home/vagrant/Projetos/ProjetoEstagio/projeto/vendor/laravel/framework/src/Illuminate/Routing/RouteCollection.php
Line: 161
User-Agent: Mozilla/5.0 (Windows NT 10.0; Win64; x64) AppleWebKit/537.36 (KHTML, like Gecko) Chrome/90.0.4430.212 Safari/537.36
IP: 192.168.10.1
  
[2021-05-19 11:35:22] local.WARNING: Symfony\Component\HttpKernel\Exception\NotFoundHttpException in [GET] http://projeto.test/assets/img/logo/logo_square_xs.png:999999
Method: GET
File: /home/vagrant/Projetos/ProjetoEstagio/projeto/vendor/laravel/framework/src/Illuminate/Routing/RouteCollection.php
Line: 161
User-Agent: Mozilla/5.0 (Windows NT 10.0; Win64; x64) AppleWebKit/537.36 (KHTML, like Gecko) Chrome/90.0.4430.212 Safari/537.36
IP: 192.168.10.1
  
[2021-05-19 11:38:20] local.WARNING: Symfony\Component\HttpKernel\Exception\NotFoundHttpException in [GET] http://projeto.test/assets/img/logo/logo_square_xs.png:999999
Method: GET
File: /home/vagrant/Projetos/ProjetoEstagio/projeto/vendor/laravel/framework/src/Illuminate/Routing/RouteCollection.php
Line: 161
User-Agent: Mozilla/5.0 (Windows NT 10.0; Win64; x64) AppleWebKit/537.36 (KHTML, like Gecko) Chrome/90.0.4430.212 Safari/537.36
IP: 192.168.10.1
  
[2021-05-19 11:38:20] local.WARNING: Symfony\Component\HttpKernel\Exception\NotFoundHttpException in [GET] http://projeto.test/assets/img/logo/logo_white_xs.png:999999
Method: GET
File: /home/vagrant/Projetos/ProjetoEstagio/projeto/vendor/laravel/framework/src/Illuminate/Routing/RouteCollection.php
Line: 161
User-Agent: Mozilla/5.0 (Windows NT 10.0; Win64; x64) AppleWebKit/537.36 (KHTML, like Gecko) Chrome/90.0.4430.212 Safari/537.36
IP: 192.168.10.1
  
[2021-05-19 11:46:52] local.WARNING: Symfony\Component\HttpKernel\Exception\NotFoundHttpException in [GET] http://projeto.test/assets/img/logo/logo_white_xs.png:999999
Method: GET
File: /home/vagrant/Projetos/ProjetoEstagio/projeto/vendor/laravel/framework/src/Illuminate/Routing/RouteCollection.php
Line: 161
User-Agent: Mozilla/5.0 (Windows NT 10.0; Win64; x64) AppleWebKit/537.36 (KHTML, like Gecko) Chrome/90.0.4430.212 Safari/537.36
IP: 192.168.10.1
  
[2021-05-19 11:46:52] local.WARNING: Symfony\Component\HttpKernel\Exception\NotFoundHttpException in [GET] http://projeto.test/assets/img/logo/logo_square_xs.png:999999
Method: GET
File: /home/vagrant/Projetos/ProjetoEstagio/projeto/vendor/laravel/framework/src/Illuminate/Routing/RouteCollection.php
Line: 161
User-Agent: Mozilla/5.0 (Windows NT 10.0; Win64; x64) AppleWebKit/537.36 (KHTML, like Gecko) Chrome/90.0.4430.212 Safari/537.36
IP: 192.168.10.1
  
[2021-05-19 12:05:53] local.WARNING: Symfony\Component\HttpKernel\Exception\NotFoundHttpException in [GET] http://projeto.test/assets/img/logo/logo_square_xs.png:999999
Method: GET
File: /home/vagrant/Projetos/ProjetoEstagio/projeto/vendor/laravel/framework/src/Illuminate/Routing/RouteCollection.php
Line: 161
User-Agent: Mozilla/5.0 (Windows NT 10.0; Win64; x64) AppleWebKit/537.36 (KHTML, like Gecko) Chrome/90.0.4430.212 Safari/537.36
IP: 192.168.10.1
  
[2021-05-19 12:05:53] local.WARNING: Symfony\Component\HttpKernel\Exception\NotFoundHttpException in [GET] http://projeto.test/assets/img/logo/logo_white_xs.png:999999
Method: GET
File: /home/vagrant/Projetos/ProjetoEstagio/projeto/vendor/laravel/framework/src/Illuminate/Routing/RouteCollection.php
Line: 161
User-Agent: Mozilla/5.0 (Windows NT 10.0; Win64; x64) AppleWebKit/537.36 (KHTML, like Gecko) Chrome/90.0.4430.212 Safari/537.36
IP: 192.168.10.1
  
[2021-05-19 12:11:34] local.WARNING: Symfony\Component\HttpKernel\Exception\NotFoundHttpException in [GET] http://projeto.test/assets/img/logo/logo_white_xs.png:999999
Method: GET
File: /home/vagrant/Projetos/ProjetoEstagio/projeto/vendor/laravel/framework/src/Illuminate/Routing/RouteCollection.php
Line: 161
User-Agent: Mozilla/5.0 (Windows NT 10.0; Win64; x64) AppleWebKit/537.36 (KHTML, like Gecko) Chrome/90.0.4430.212 Safari/537.36
IP: 192.168.10.1
  
[2021-05-19 12:11:34] local.WARNING: Symfony\Component\HttpKernel\Exception\NotFoundHttpException in [GET] http://projeto.test/assets/img/logo/logo_square_xs.png:999999
Method: GET
File: /home/vagrant/Projetos/ProjetoEstagio/projeto/vendor/laravel/framework/src/Illuminate/Routing/RouteCollection.php
Line: 161
User-Agent: Mozilla/5.0 (Windows NT 10.0; Win64; x64) AppleWebKit/537.36 (KHTML, like Gecko) Chrome/90.0.4430.212 Safari/537.36
IP: 192.168.10.1
  
[2021-05-19 12:11:38] local.WARNING: Symfony\Component\HttpKernel\Exception\NotFoundHttpException in [GET] http://projeto.test/assets/img/logo/logo_white_xs.png:999999
Method: GET
File: /home/vagrant/Projetos/ProjetoEstagio/projeto/vendor/laravel/framework/src/Illuminate/Routing/RouteCollection.php
Line: 161
User-Agent: Mozilla/5.0 (Windows NT 10.0; Win64; x64) AppleWebKit/537.36 (KHTML, like Gecko) Chrome/90.0.4430.212 Safari/537.36
IP: 192.168.10.1
  
[2021-05-19 12:11:39] local.WARNING: Symfony\Component\HttpKernel\Exception\NotFoundHttpException in [GET] http://projeto.test/assets/img/logo/logo_square_xs.png:999999
Method: GET
File: /home/vagrant/Projetos/ProjetoEstagio/projeto/vendor/laravel/framework/src/Illuminate/Routing/RouteCollection.php
Line: 161
User-Agent: Mozilla/5.0 (Windows NT 10.0; Win64; x64) AppleWebKit/537.36 (KHTML, like Gecko) Chrome/90.0.4430.212 Safari/537.36
IP: 192.168.10.1
  
[2021-05-19 12:15:02] local.WARNING: Symfony\Component\HttpKernel\Exception\NotFoundHttpException in [GET] http://projeto.test/assets/img/logo/logo_square_xs.png:999999
Method: GET
File: /home/vagrant/Projetos/ProjetoEstagio/projeto/vendor/laravel/framework/src/Illuminate/Routing/RouteCollection.php
Line: 161
User-Agent: Mozilla/5.0 (Windows NT 10.0; Win64; x64) AppleWebKit/537.36 (KHTML, like Gecko) Chrome/90.0.4430.212 Safari/537.36
IP: 192.168.10.1
  
[2021-05-19 12:15:02] local.WARNING: Symfony\Component\HttpKernel\Exception\NotFoundHttpException in [GET] http://projeto.test/assets/img/logo/logo_white_xs.png:999999
Method: GET
File: /home/vagrant/Projetos/ProjetoEstagio/projeto/vendor/laravel/framework/src/Illuminate/Routing/RouteCollection.php
Line: 161
User-Agent: Mozilla/5.0 (Windows NT 10.0; Win64; x64) AppleWebKit/537.36 (KHTML, like Gecko) Chrome/90.0.4430.212 Safari/537.36
IP: 192.168.10.1
  
[2021-05-19 12:15:07] local.WARNING: Symfony\Component\HttpKernel\Exception\NotFoundHttpException in [GET] http://projeto.test/assets/img/logo/logo_white_xs.png:999999
Method: GET
File: /home/vagrant/Projetos/ProjetoEstagio/projeto/vendor/laravel/framework/src/Illuminate/Routing/RouteCollection.php
Line: 161
User-Agent: Mozilla/5.0 (Windows NT 10.0; Win64; x64) AppleWebKit/537.36 (KHTML, like Gecko) Chrome/90.0.4430.212 Safari/537.36
IP: 192.168.10.1
  
[2021-05-19 12:15:07] local.WARNING: Symfony\Component\HttpKernel\Exception\NotFoundHttpException in [GET] http://projeto.test/assets/img/logo/logo_square_xs.png:999999
Method: GET
File: /home/vagrant/Projetos/ProjetoEstagio/projeto/vendor/laravel/framework/src/Illuminate/Routing/RouteCollection.php
Line: 161
User-Agent: Mozilla/5.0 (Windows NT 10.0; Win64; x64) AppleWebKit/537.36 (KHTML, like Gecko) Chrome/90.0.4430.212 Safari/537.36
IP: 192.168.10.1
  
[2021-05-19 14:58:19] local.WARNING: Symfony\Component\HttpKernel\Exception\NotFoundHttpException in [GET] http://projeto.test/assets/admin/auth/css/bootstrap.min.css.map:999999
Method: GET
File: /home/vagrant/Projetos/ProjetoEstagio/projeto/vendor/laravel/framework/src/Illuminate/Routing/RouteCollection.php
Line: 161
User-Agent: Mozilla/5.0 (Windows NT 10.0; Win64; x64) AppleWebKit/537.36 (KHTML, like Gecko) Chrome/90.0.4430.212 Safari/537.36
IP: 192.168.10.1
  
